Classic Timing Analyzer report for switchs
Tue Dec 05 12:36:54 2017
Quartus II Version 9.1 Build 222 10/21/2009 SJ Web Edition


---------------------
; Table of Contents ;
---------------------
  1. Legal Notice
  2. Timing Analyzer Summary
  3. Timing Analyzer Settings
  4. Parallel Compilation
  5. tpd
  6. Timing Analyzer Messages



----------------
; Legal Notice ;
----------------
Copyright (C) 1991-2009 Altera Corporation
Your use of Altera Corporation's design tools, logic functions 
and other software and tools, and its AMPP partner logic 
functions, and any output files from any of the foregoing 
(including device programming or simulation files), and any 
associated documentation or information are expressly subject 
to the terms and conditions of the Altera Program License 
Subscription Agreement, Altera MegaCore Function License 
Agreement, or other applicable license agreement, including, 
without limitation, that your use is for the sole purpose of 
programming logic devices manufactured by Altera and sold by 
Altera or its authorized distributors.  Please refer to the 
applicable agreement for further details.



+------------------------------------------------------------------------------------------------------------------------------+
; Timing Analyzer Summary                                                                                                      ;
+------------------------------+-------+---------------+-------------+--------+---------+------------+----------+--------------+
; Type                         ; Slack ; Required Time ; Actual Time ; From   ; To      ; From Clock ; To Clock ; Failed Paths ;
+------------------------------+-------+---------------+-------------+--------+---------+------------+----------+--------------+
; Worst-case tpd               ; N/A   ; None          ; 6.484 ns    ; ent[1] ; lent[1] ; --         ; --       ; 0            ;
; Total number of failed paths ;       ;               ;             ;        ;         ;            ;          ; 0            ;
+------------------------------+-------+---------------+-------------+--------+---------+------------+----------+--------------+


+-----------------------------------------------------------------------------------------------------------------------------------------------------+
; Timing Analyzer Settings                                                                                                                            ;
+------------------------------------------------------------------------------------------------------+--------------------+------+----+-------------+
; Option                                                                                               ; Setting            ; From ; To ; Entity Name ;
+------------------------------------------------------------------------------------------------------+--------------------+------+----+-------------+
; Device Name                                                                                          ; EP2C35F672C6       ;      ;    ;             ;
; Timing Models                                                                                        ; Final              ;      ;    ;             ;
; Default hold multicycle                                                                              ; Same as Multicycle ;      ;    ;             ;
; Cut paths between unrelated clock domains                                                            ; On                 ;      ;    ;             ;
; Cut off read during write signal paths                                                               ; On                 ;      ;    ;             ;
; Cut off feedback from I/O pins                                                                       ; On                 ;      ;    ;             ;
; Report Combined Fast/Slow Timing                                                                     ; Off                ;      ;    ;             ;
; Ignore Clock Settings                                                                                ; Off                ;      ;    ;             ;
; Analyze latches as synchronous elements                                                              ; On                 ;      ;    ;             ;
; Enable Recovery/Removal analysis                                                                     ; Off                ;      ;    ;             ;
; Enable Clock Latency                                                                                 ; Off                ;      ;    ;             ;
; Use TimeQuest Timing Analyzer                                                                        ; Off                ;      ;    ;             ;
; Minimum Core Junction Temperature                                                                    ; 0                  ;      ;    ;             ;
; Maximum Core Junction Temperature                                                                    ; 85                 ;      ;    ;             ;
; Number of source nodes to report per destination node                                                ; 10                 ;      ;    ;             ;
; Number of destination nodes to report                                                                ; 10                 ;      ;    ;             ;
; Number of paths to report                                                                            ; 200                ;      ;    ;             ;
; Report Minimum Timing Checks                                                                         ; Off                ;      ;    ;             ;
; Use Fast Timing Models                                                                               ; Off                ;      ;    ;             ;
; Report IO Paths Separately                                                                           ; Off                ;      ;    ;             ;
; Perform Multicorner Analysis                                                                         ; On                 ;      ;    ;             ;
; Reports the worst-case path for each clock domain and analysis                                       ; Off                ;      ;    ;             ;
; Reports worst-case timing paths for each clock domain and analysis                                   ; On                 ;      ;    ;             ;
; Specifies the maximum number of worst-case timing paths to report for each clock domain and analysis ; 100                ;      ;    ;             ;
; Removes common clock path pessimism (CCPP) during slack computation                                  ; Off                ;      ;    ;             ;
; Output I/O Timing Endpoint                                                                           ; Near End           ;      ;    ;             ;
+------------------------------------------------------------------------------------------------------+--------------------+------+----+-------------+


Parallel compilation was disabled, but you have multiple processors available. Enable parallel compilation to reduce compilation time.
+-------------------------------------+
; Parallel Compilation                ;
+----------------------------+--------+
; Processors                 ; Number ;
+----------------------------+--------+
; Number detected on machine ; 2      ;
; Maximum allowed            ; 1      ;
+----------------------------+--------+


+------------------------------------------------------------------+
; tpd                                                              ;
+-------+-------------------+-----------------+---------+----------+
; Slack ; Required P2P Time ; Actual P2P Time ; From    ; To       ;
+-------+-------------------+-----------------+---------+----------+
; N/A   ; None              ; 6.484 ns        ; ent[1]  ; lent[1]  ;
; N/A   ; None              ; 6.322 ns        ; ent[5]  ; sal[5]   ;
; N/A   ; None              ; 6.305 ns        ; ent[3]  ; sal[3]   ;
; N/A   ; None              ; 6.273 ns        ; ent[7]  ; lent[7]  ;
; N/A   ; None              ; 6.221 ns        ; ent[6]  ; sal[6]   ;
; N/A   ; None              ; 6.210 ns        ; ent[9]  ; lent[9]  ;
; N/A   ; None              ; 6.128 ns        ; ent[0]  ; sal[0]   ;
; N/A   ; None              ; 6.124 ns        ; ent[1]  ; sal[1]   ;
; N/A   ; None              ; 5.900 ns        ; ent[4]  ; sal[4]   ;
; N/A   ; None              ; 5.876 ns        ; ent[9]  ; sal[9]   ;
; N/A   ; None              ; 5.868 ns        ; ent[8]  ; lent[8]  ;
; N/A   ; None              ; 5.839 ns        ; ent[3]  ; lent[3]  ;
; N/A   ; None              ; 5.835 ns        ; ent[2]  ; sal[2]   ;
; N/A   ; None              ; 5.763 ns        ; ent[8]  ; sal[8]   ;
; N/A   ; None              ; 5.680 ns        ; ent[10] ; lent[10] ;
; N/A   ; None              ; 5.636 ns        ; ent[11] ; lent[11] ;
; N/A   ; None              ; 5.611 ns        ; ent[0]  ; lent[0]  ;
; N/A   ; None              ; 5.585 ns        ; ent[5]  ; lent[5]  ;
; N/A   ; None              ; 5.340 ns        ; ent[7]  ; sal[7]   ;
; N/A   ; None              ; 5.338 ns        ; ent[6]  ; lent[6]  ;
; N/A   ; None              ; 5.280 ns        ; ent[4]  ; lent[4]  ;
; N/A   ; None              ; 5.135 ns        ; ent[2]  ; lent[2]  ;
; N/A   ; None              ; 4.641 ns        ; ent[10] ; sal[10]  ;
; N/A   ; None              ; 4.630 ns        ; ent[11] ; sal[11]  ;
+-------+-------------------+-----------------+---------+----------+


+--------------------------+
; Timing Analyzer Messages ;
+--------------------------+
Info: *******************************************************************
Info: Running Quartus II Classic Timing Analyzer
    Info: Version 9.1 Build 222 10/21/2009 SJ Web Edition
    Info: Processing started: Tue Dec 05 12:36:53 2017
Info: Command: quartus_tan --read_settings_files=off --write_settings_files=off switchs -c switchs --timing_analysis_only
Info: Longest tpd from source pin "ent[1]" to destination pin "lent[1]" is 6.484 ns
    Info: 1: + IC(0.000 ns) + CELL(0.999 ns) = 0.999 ns; Loc. = PIN_N26; Fanout = 2; PIN Node = 'ent[1]'
    Info: 2: + IC(2.667 ns) + CELL(2.818 ns) = 6.484 ns; Loc. = PIN_AF23; Fanout = 0; PIN Node = 'lent[1]'
    Info: Total cell delay = 3.817 ns ( 58.87 % )
    Info: Total interconnect delay = 2.667 ns ( 41.13 % )
Info: Quartus II Classic Timing Analyzer was successful. 0 errors, 0 warnings
    Info: Peak virtual memory: 172 megabytes
    Info: Processing ended: Tue Dec 05 12:36:55 2017
    Info: Elapsed time: 00:00:02
    Info: Total CPU time (on all processors): 00:00:00


