Flow report for cpu4inst
Mon Dec 11 10:47:26 2017
Quartus II Version 9.1 Build 222 10/21/2009 SJ Web Edition


---------------------
; Table of Contents ;
---------------------
  1. Legal Notice
  2. Flow Summary
  3. Flow Settings
  4. Flow Non-Default Global Settings
  5. Flow Elapsed Time
  6. Flow OS Summary
  7. Flow Log



----------------
; Legal Notice ;
----------------
Copyright (C) 1991-2009 Altera Corporation
Your use of Altera Corporation's design tools, logic functions 
and other software and tools, and its AMPP partner logic 
functions, and any output files from any of the foregoing 
(including device programming or simulation files), and any 
associated documentation or information are expressly subject 
to the terms and conditions of the Altera Program License 
Subscription Agreement, Altera MegaCore Function License 
Agreement, or other applicable license agreement, including, 
without limitation, that your use is for the sole purpose of 
programming logic devices manufactured by Altera and sold by 
Altera or its authorized distributors.  Please refer to the 
applicable agreement for further details.



+------------------------------------------------------------------------------+
; Flow Summary                                                                 ;
+------------------------------------+-----------------------------------------+
; Flow Status                        ; Successful - Mon Dec 11 10:47:26 2017   ;
; Quartus II Version                 ; 9.1 Build 222 10/21/2009 SJ Web Edition ;
; Revision Name                      ; cpu4inst                                ;
; Top-level Entity Name              ; cpu4inst                                ;
; Family                             ; Cyclone II                              ;
; Device                             ; EP2C35F672C6                            ;
; Timing Models                      ; Final                                   ;
; Met timing requirements            ; No                                      ;
; Total logic elements               ; 102 / 33,216 ( < 1 % )                  ;
;     Total combinational functions  ; 102 / 33,216 ( < 1 % )                  ;
;     Dedicated logic registers      ; 50 / 33,216 ( < 1 % )                   ;
; Total registers                    ; 50                                      ;
; Total pins                         ; 65 / 475 ( 14 % )                       ;
; Total virtual pins                 ; 0                                       ;
; Total memory bits                  ; 0 / 483,840 ( 0 % )                     ;
; Embedded Multiplier 9-bit elements ; 0 / 70 ( 0 % )                          ;
; Total PLLs                         ; 0 / 4 ( 0 % )                           ;
+------------------------------------+-----------------------------------------+


+-----------------------------------------+
; Flow Settings                           ;
+-------------------+---------------------+
; Option            ; Setting             ;
+-------------------+---------------------+
; Start date & time ; 12/11/2017 10:46:22 ;
; Main task         ; Compilation         ;
; Revision Name     ; cpu4inst            ;
+-------------------+---------------------+


+-------------------------------------------------------------------------------------------------------------------------------+
; Flow Non-Default Global Settings                                                                                              ;
+---------------------------------------+----------------------------------------+---------------+-------------+----------------+
; Assignment Name                       ; Value                                  ; Default Value ; Entity Name ; Section Id     ;
+---------------------------------------+----------------------------------------+---------------+-------------+----------------+
; COMPILER_SIGNATURE_ID                 ; 132241038656423.151301077904180        ; --            ; --          ; --             ;
; MAX_CORE_JUNCTION_TEMP                ; 85                                     ; --            ; --          ; --             ;
; MIN_CORE_JUNCTION_TEMP                ; 0                                      ; --            ; --          ; --             ;
; MISC_FILE                             ; F:/cpu de 4 instrucciones/cpu4inst.dpf ; --            ; --          ; --             ;
; PARTITION_COLOR                       ; 16764057                               ; --            ; --          ; Top            ;
; PARTITION_FITTER_PRESERVATION_LEVEL   ; PLACEMENT_AND_ROUTING                  ; --            ; --          ; Top            ;
; PARTITION_NETLIST_TYPE                ; SOURCE                                 ; --            ; --          ; Top            ;
; SYNCHRONIZATION_REGISTER_CHAIN_LENGTH ; 2                                      ; 3             ; --          ; --             ;
; USE_GENERATED_PHYSICAL_CONSTRAINTS    ; Off                                    ; --            ; --          ; eda_blast_fpga ;
+---------------------------------------+----------------------------------------+---------------+-------------+----------------+


+-----------------------------------------------------------------------------------------------------------------------------+
; Flow Elapsed Time                                                                                                           ;
+-------------------------+--------------+-------------------------+---------------------+------------------------------------+
; Module Name             ; Elapsed Time ; Average Processors Used ; Peak Virtual Memory ; Total CPU Time (on all processors) ;
+-------------------------+--------------+-------------------------+---------------------+------------------------------------+
; Analysis & Synthesis    ; 00:00:07     ; 1.0                     ; 231 MB              ; 00:00:02                           ;
; Fitter                  ; 00:00:09     ; 1.0                     ; 264 MB              ; 00:00:06                           ;
; Assembler               ; 00:00:21     ; 1.0                     ; 249 MB              ; 00:00:02                           ;
; Classic Timing Analyzer ; 00:00:05     ; 1.0                     ; 154 MB              ; 00:00:00                           ;
; Total                   ; 00:00:42     ; --                      ; --                  ; 00:00:10                           ;
+-------------------------+--------------+-------------------------+---------------------+------------------------------------+


+------------------------------------------------------------------------------------------+
; Flow OS Summary                                                                          ;
+-------------------------+------------------+---------------+------------+----------------+
; Module Name             ; Machine Hostname ; OS Name       ; OS Version ; Processor type ;
+-------------------------+------------------+---------------+------------+----------------+
; Analysis & Synthesis    ; F308-17          ; Windows Vista ; 6.1        ; x86_64         ;
; Fitter                  ; F308-17          ; Windows Vista ; 6.1        ; x86_64         ;
; Assembler               ; F308-17          ; Windows Vista ; 6.1        ; x86_64         ;
; Classic Timing Analyzer ; F308-17          ; Windows Vista ; 6.1        ; x86_64         ;
+-------------------------+------------------+---------------+------------+----------------+


------------
; Flow Log ;
------------
quartus_map --read_settings_files=on --write_settings_files=off cpu4inst -c cpu4inst
quartus_fit --read_settings_files=off --write_settings_files=off cpu4inst -c cpu4inst
quartus_asm --read_settings_files=off --write_settings_files=off cpu4inst -c cpu4inst
quartus_tan --read_settings_files=off --write_settings_files=off cpu4inst -c cpu4inst --timing_analysis_only



