Classic Timing Analyzer report for LCD
Fri Dec 08 13:17:10 2017
Quartus II Version 9.1 Build 222 10/21/2009 SJ Web Edition


---------------------
; Table of Contents ;
---------------------
  1. Legal Notice
  2. Timing Analyzer Summary
  3. Timing Analyzer Settings
  4. Clock Settings Summary
  5. Parallel Compilation
  6. Clock Setup: 'clk'
  7. tsu
  8. tco
  9. th
 10. Timing Analyzer Messages



----------------
; Legal Notice ;
----------------
Copyright (C) 1991-2009 Altera Corporation
Your use of Altera Corporation's design tools, logic functions 
and other software and tools, and its AMPP partner logic 
functions, and any output files from any of the foregoing 
(including device programming or simulation files), and any 
associated documentation or information are expressly subject 
to the terms and conditions of the Altera Program License 
Subscription Agreement, Altera MegaCore Function License 
Agreement, or other applicable license agreement, including, 
without limitation, that your use is for the sole purpose of 
programming logic devices manufactured by Altera and sold by 
Altera or its authorized distributors.  Please refer to the 
applicable agreement for further details.



+--------------------------------------------------------------------------------------------------------------------------------------------------------------------+
; Timing Analyzer Summary                                                                                                                                            ;
+------------------------------+-------+---------------+----------------------------------+-----------------+-----------------+------------+----------+--------------+
; Type                         ; Slack ; Required Time ; Actual Time                      ; From            ; To              ; From Clock ; To Clock ; Failed Paths ;
+------------------------------+-------+---------------+----------------------------------+-----------------+-----------------+------------+----------+--------------+
; Worst-case tsu               ; N/A   ; None          ; 3.863 ns                         ; numins[3]       ; palabra[5]~reg0 ; --         ; clk      ; 0            ;
; Worst-case tco               ; N/A   ; None          ; 10.104 ns                        ; palabra[5]~reg0 ; palabra[5]      ; clk        ; --       ; 0            ;
; Worst-case th                ; N/A   ; None          ; 0.134 ns                         ; numins[2]       ; palabra[6]~reg0 ; --         ; clk      ; 0            ;
; Clock Setup: 'clk'           ; N/A   ; None          ; 278.09 MHz ( period = 3.596 ns ) ; mov[1]          ; palabra[1]~reg0 ; clk        ; clk      ; 0            ;
; Total number of failed paths ;       ;               ;                                  ;                 ;                 ;            ;          ; 0            ;
+------------------------------+-------+---------------+----------------------------------+-----------------+-----------------+------------+----------+--------------+


+-----------------------------------------------------------------------------------------------------------------------------------------------------+
; Timing Analyzer Settings                                                                                                                            ;
+------------------------------------------------------------------------------------------------------+--------------------+------+----+-------------+
; Option                                                                                               ; Setting            ; From ; To ; Entity Name ;
+------------------------------------------------------------------------------------------------------+--------------------+------+----+-------------+
; Device Name                                                                                          ; EP2C35F672C6       ;      ;    ;             ;
; Timing Models                                                                                        ; Final              ;      ;    ;             ;
; Default hold multicycle                                                                              ; Same as Multicycle ;      ;    ;             ;
; Cut paths between unrelated clock domains                                                            ; On                 ;      ;    ;             ;
; Cut off read during write signal paths                                                               ; On                 ;      ;    ;             ;
; Cut off feedback from I/O pins                                                                       ; On                 ;      ;    ;             ;
; Report Combined Fast/Slow Timing                                                                     ; Off                ;      ;    ;             ;
; Ignore Clock Settings                                                                                ; Off                ;      ;    ;             ;
; Analyze latches as synchronous elements                                                              ; On                 ;      ;    ;             ;
; Enable Recovery/Removal analysis                                                                     ; Off                ;      ;    ;             ;
; Enable Clock Latency                                                                                 ; Off                ;      ;    ;             ;
; Use TimeQuest Timing Analyzer                                                                        ; Off                ;      ;    ;             ;
; Minimum Core Junction Temperature                                                                    ; 0                  ;      ;    ;             ;
; Maximum Core Junction Temperature                                                                    ; 85                 ;      ;    ;             ;
; Number of source nodes to report per destination node                                                ; 10                 ;      ;    ;             ;
; Number of destination nodes to report                                                                ; 10                 ;      ;    ;             ;
; Number of paths to report                                                                            ; 200                ;      ;    ;             ;
; Report Minimum Timing Checks                                                                         ; Off                ;      ;    ;             ;
; Use Fast Timing Models                                                                               ; Off                ;      ;    ;             ;
; Report IO Paths Separately                                                                           ; Off                ;      ;    ;             ;
; Perform Multicorner Analysis                                                                         ; On                 ;      ;    ;             ;
; Reports the worst-case path for each clock domain and analysis                                       ; Off                ;      ;    ;             ;
; Reports worst-case timing paths for each clock domain and analysis                                   ; On                 ;      ;    ;             ;
; Specifies the maximum number of worst-case timing paths to report for each clock domain and analysis ; 100                ;      ;    ;             ;
; Removes common clock path pessimism (CCPP) during slack computation                                  ; Off                ;      ;    ;             ;
; Output I/O Timing Endpoint                                                                           ; Near End           ;      ;    ;             ;
+------------------------------------------------------------------------------------------------------+--------------------+------+----+-------------+


+------------------------------------------------------------------------------------------------------------------------------------------------------------------------------------+
; Clock Settings Summary                                                                                                                                                             ;
+-----------------+--------------------+----------+------------------+---------------+--------------+----------+-----------------------+---------------------+--------+--------------+
; Clock Node Name ; Clock Setting Name ; Type     ; Fmax Requirement ; Early Latency ; Late Latency ; Based on ; Multiply Base Fmax by ; Divide Base Fmax by ; Offset ; Phase offset ;
+-----------------+--------------------+----------+------------------+---------------+--------------+----------+-----------------------+---------------------+--------+--------------+
; clk             ;                    ; User Pin ; None             ; 0.000 ns      ; 0.000 ns     ; --       ; N/A                   ; N/A                 ; N/A    ;              ;
+-----------------+--------------------+----------+------------------+---------------+--------------+----------+-----------------------+---------------------+--------+--------------+


Parallel compilation was disabled, but you have multiple processors available. Enable parallel compilation to reduce compilation time.
+-------------------------------------+
; Parallel Compilation                ;
+----------------------------+--------+
; Processors                 ; Number ;
+----------------------------+--------+
; Number detected on machine ; 2      ;
; Maximum allowed            ; 1      ;
+----------------------------+--------+


+------------------------------------------------------------------------------------------------------------------------------------------------------------------------------------------------------------------------------------------------+
; Clock Setup: 'clk'                                                                                                                                                                                                                             ;
+-----------------------------------------+-----------------------------------------------------+-----------------+------------------+------------+----------+-----------------------------+---------------------------+-------------------------+
; Slack                                   ; Actual fmax (period)                                ; From            ; To               ; From Clock ; To Clock ; Required Setup Relationship ; Required Longest P2P Time ; Actual Longest P2P Time ;
+-----------------------------------------+-----------------------------------------------------+-----------------+------------------+------------+----------+-----------------------------+---------------------------+-------------------------+
; N/A                                     ; 278.09 MHz ( period = 3.596 ns )                    ; mov[1]          ; palabra[1]~reg0  ; clk        ; clk      ; None                        ; None                      ; 3.378 ns                ;
; N/A                                     ; 288.85 MHz ( period = 3.462 ns )                    ; load2[1]        ; palabra[1]~reg0  ; clk        ; clk      ; None                        ; None                      ; 3.243 ns                ;
; N/A                                     ; 292.74 MHz ( period = 3.416 ns )                    ; mov[4]          ; palabra[1]~reg0  ; clk        ; clk      ; None                        ; None                      ; 3.198 ns                ;
; N/A                                     ; 295.07 MHz ( period = 3.389 ns )                    ; mov[1]          ; palabra[2]~reg0  ; clk        ; clk      ; None                        ; None                      ; 3.173 ns                ;
; N/A                                     ; 295.42 MHz ( period = 3.385 ns )                    ; add[1]          ; palabra[1]~reg0  ; clk        ; clk      ; None                        ; None                      ; 3.169 ns                ;
; N/A                                     ; 296.12 MHz ( period = 3.377 ns )                    ; comandos[0]     ; load1[4]         ; clk        ; clk      ; None                        ; None                      ; 3.162 ns                ;
; N/A                                     ; 296.12 MHz ( period = 3.377 ns )                    ; comandos[0]     ; load1[1]         ; clk        ; clk      ; None                        ; None                      ; 3.162 ns                ;
; N/A                                     ; 296.12 MHz ( period = 3.377 ns )                    ; comandos[0]     ; load1[2]         ; clk        ; clk      ; None                        ; None                      ; 3.162 ns                ;
; N/A                                     ; 297.44 MHz ( period = 3.362 ns )                    ; comandos[0]     ; load1[3]         ; clk        ; clk      ; None                        ; None                      ; 3.146 ns                ;
; N/A                                     ; 297.44 MHz ( period = 3.362 ns )                    ; comandos[0]     ; load1[0]         ; clk        ; clk      ; None                        ; None                      ; 3.146 ns                ;
; N/A                                     ; 299.04 MHz ( period = 3.344 ns )                    ; mov[4]          ; palabra[2]~reg0  ; clk        ; clk      ; None                        ; None                      ; 3.128 ns                ;
; N/A                                     ; 299.40 MHz ( period = 3.340 ns )                    ; load2[2]        ; palabra[1]~reg0  ; clk        ; clk      ; None                        ; None                      ; 3.121 ns                ;
; N/A                                     ; 302.11 MHz ( period = 3.310 ns )                    ; load1[4]        ; palabra[6]~reg0  ; clk        ; clk      ; None                        ; None                      ; 3.095 ns                ;
; N/A                                     ; 305.53 MHz ( period = 3.273 ns )                    ; mov[3]          ; palabra[1]~reg0  ; clk        ; clk      ; None                        ; None                      ; 3.055 ns                ;
; N/A                                     ; 306.28 MHz ( period = 3.265 ns )                    ; add[2]          ; palabra[1]~reg0  ; clk        ; clk      ; None                        ; None                      ; 3.049 ns                ;
; N/A                                     ; 307.22 MHz ( period = 3.255 ns )                    ; mov[3]          ; palabra[2]~reg0  ; clk        ; clk      ; None                        ; None                      ; 3.039 ns                ;
; N/A                                     ; 307.50 MHz ( period = 3.252 ns )                    ; load1[2]        ; palabra[0]~reg0  ; clk        ; clk      ; None                        ; None                      ; 3.039 ns                ;
; N/A                                     ; 307.88 MHz ( period = 3.248 ns )                    ; comandos[2]     ; load1[4]         ; clk        ; clk      ; None                        ; None                      ; 3.033 ns                ;
; N/A                                     ; 307.88 MHz ( period = 3.248 ns )                    ; comandos[2]     ; load1[1]         ; clk        ; clk      ; None                        ; None                      ; 3.033 ns                ;
; N/A                                     ; 307.88 MHz ( period = 3.248 ns )                    ; comandos[2]     ; load1[2]         ; clk        ; clk      ; None                        ; None                      ; 3.033 ns                ;
; N/A                                     ; 309.31 MHz ( period = 3.233 ns )                    ; comandos[2]     ; load1[3]         ; clk        ; clk      ; None                        ; None                      ; 3.017 ns                ;
; N/A                                     ; 309.31 MHz ( period = 3.233 ns )                    ; comandos[2]     ; load1[0]         ; clk        ; clk      ; None                        ; None                      ; 3.017 ns                ;
; N/A                                     ; 309.31 MHz ( period = 3.233 ns )                    ; load1[2]        ; palabra[1]~reg0  ; clk        ; clk      ; None                        ; None                      ; 3.017 ns                ;
; N/A                                     ; 311.24 MHz ( period = 3.213 ns )                    ; comandos[0]     ; palabra[6]~reg0  ; clk        ; clk      ; None                        ; None                      ; 2.997 ns                ;
; N/A                                     ; 311.53 MHz ( period = 3.210 ns )                    ; load1[1]        ; palabra[1]~reg0  ; clk        ; clk      ; None                        ; None                      ; 2.994 ns                ;
; N/A                                     ; 311.72 MHz ( period = 3.208 ns )                    ; add[3]          ; palabra[1]~reg0  ; clk        ; clk      ; None                        ; None                      ; 2.992 ns                ;
; N/A                                     ; 312.40 MHz ( period = 3.201 ns )                    ; load1[1]        ; palabra[2]~reg0  ; clk        ; clk      ; None                        ; None                      ; 2.987 ns                ;
; N/A                                     ; 312.40 MHz ( period = 3.201 ns )                    ; comandos[2]     ; palabra[4]~reg0  ; clk        ; clk      ; None                        ; None                      ; 2.985 ns                ;
; N/A                                     ; 312.79 MHz ( period = 3.197 ns )                    ; comandos[0]     ; sub[2]           ; clk        ; clk      ; None                        ; None                      ; 2.980 ns                ;
; N/A                                     ; 312.79 MHz ( period = 3.197 ns )                    ; comandos[0]     ; sub[1]           ; clk        ; clk      ; None                        ; None                      ; 2.980 ns                ;
; N/A                                     ; 313.77 MHz ( period = 3.187 ns )                    ; palabra[5]~reg0 ; palabra[5]~reg0  ; clk        ; clk      ; None                        ; None                      ; 2.973 ns                ;
; N/A                                     ; 314.66 MHz ( period = 3.178 ns )                    ; comandos[0]     ; add[3]           ; clk        ; clk      ; None                        ; None                      ; 2.963 ns                ;
; N/A                                     ; 314.66 MHz ( period = 3.178 ns )                    ; comandos[0]     ; add[1]           ; clk        ; clk      ; None                        ; None                      ; 2.963 ns                ;
; N/A                                     ; 314.66 MHz ( period = 3.178 ns )                    ; comandos[0]     ; add[2]           ; clk        ; clk      ; None                        ; None                      ; 2.963 ns                ;
; N/A                                     ; 314.66 MHz ( period = 3.178 ns )                    ; comandos[0]     ; add[0]           ; clk        ; clk      ; None                        ; None                      ; 2.963 ns                ;
; N/A                                     ; 314.86 MHz ( period = 3.176 ns )                    ; load2[1]        ; palabra[4]~reg0  ; clk        ; clk      ; None                        ; None                      ; 2.958 ns                ;
; N/A                                     ; 318.57 MHz ( period = 3.139 ns )                    ; load2[4]        ; palabra[2]~reg0  ; clk        ; clk      ; None                        ; None                      ; 2.922 ns                ;
; N/A                                     ; 318.78 MHz ( period = 3.137 ns )                    ; mov[2]          ; palabra[1]~reg0  ; clk        ; clk      ; None                        ; None                      ; 2.919 ns                ;
; N/A                                     ; 318.98 MHz ( period = 3.135 ns )                    ; mov[1]          ; palabra[6]~reg0  ; clk        ; clk      ; None                        ; None                      ; 2.918 ns                ;
; N/A                                     ; 320.31 MHz ( period = 3.122 ns )                    ; load2[1]        ; palabra[2]~reg0  ; clk        ; clk      ; None                        ; None                      ; 2.905 ns                ;
; N/A                                     ; 321.44 MHz ( period = 3.111 ns )                    ; comandos[0]     ; palabra[5]~reg0  ; clk        ; clk      ; None                        ; None                      ; 2.897 ns                ;
; N/A                                     ; 321.65 MHz ( period = 3.109 ns )                    ; mov[2]          ; palabra[2]~reg0  ; clk        ; clk      ; None                        ; None                      ; 2.893 ns                ;
; N/A                                     ; 322.37 MHz ( period = 3.102 ns )                    ; load2[3]        ; palabra[0]~reg0  ; clk        ; clk      ; None                        ; None                      ; 2.886 ns                ;
; N/A                                     ; 322.79 MHz ( period = 3.098 ns )                    ; load1[3]        ; palabra[1]~reg0  ; clk        ; clk      ; None                        ; None                      ; 2.883 ns                ;
; N/A                                     ; 323.00 MHz ( period = 3.096 ns )                    ; load2[1]        ; palabra[6]~reg0  ; clk        ; clk      ; None                        ; None                      ; 2.878 ns                ;
; N/A                                     ; 324.78 MHz ( period = 3.079 ns )                    ; mov[4]          ; palabra[4]~reg0  ; clk        ; clk      ; None                        ; None                      ; 2.862 ns                ;
; N/A                                     ; 325.10 MHz ( period = 3.076 ns )                    ; mov[3]          ; palabra[6]~reg0  ; clk        ; clk      ; None                        ; None                      ; 2.859 ns                ;
; N/A                                     ; 325.31 MHz ( period = 3.074 ns )                    ; sub[3]          ; palabra[1]~reg0  ; clk        ; clk      ; None                        ; None                      ; 2.860 ns                ;
; N/A                                     ; 325.84 MHz ( period = 3.069 ns )                    ; load1[3]        ; palabra[2]~reg0  ; clk        ; clk      ; None                        ; None                      ; 2.856 ns                ;
; N/A                                     ; 325.95 MHz ( period = 3.068 ns )                    ; comandos[0]     ; add[4]           ; clk        ; clk      ; None                        ; None                      ; 2.853 ns                ;
; N/A                                     ; 325.95 MHz ( period = 3.068 ns )                    ; comandos[2]     ; sub[2]           ; clk        ; clk      ; None                        ; None                      ; 2.851 ns                ;
; N/A                                     ; 325.95 MHz ( period = 3.068 ns )                    ; comandos[2]     ; sub[1]           ; clk        ; clk      ; None                        ; None                      ; 2.851 ns                ;
; N/A                                     ; 326.90 MHz ( period = 3.059 ns )                    ; load1[4]        ; palabra[1]~reg0  ; clk        ; clk      ; None                        ; None                      ; 2.843 ns                ;
; N/A                                     ; 327.12 MHz ( period = 3.057 ns )                    ; load1[4]        ; palabra[2]~reg0  ; clk        ; clk      ; None                        ; None                      ; 2.843 ns                ;
; N/A                                     ; 327.33 MHz ( period = 3.055 ns )                    ; load2[4]        ; palabra[0]~reg0  ; clk        ; clk      ; None                        ; None                      ; 2.839 ns                ;
; N/A                                     ; 327.87 MHz ( period = 3.050 ns )                    ; add[3]          ; palabra[2]~reg0  ; clk        ; clk      ; None                        ; None                      ; 2.836 ns                ;
; N/A                                     ; 327.98 MHz ( period = 3.049 ns )                    ; comandos[2]     ; add[3]           ; clk        ; clk      ; None                        ; None                      ; 2.834 ns                ;
; N/A                                     ; 327.98 MHz ( period = 3.049 ns )                    ; comandos[2]     ; add[1]           ; clk        ; clk      ; None                        ; None                      ; 2.834 ns                ;
; N/A                                     ; 327.98 MHz ( period = 3.049 ns )                    ; comandos[2]     ; add[2]           ; clk        ; clk      ; None                        ; None                      ; 2.834 ns                ;
; N/A                                     ; 327.98 MHz ( period = 3.049 ns )                    ; comandos[2]     ; add[0]           ; clk        ; clk      ; None                        ; None                      ; 2.834 ns                ;
; N/A                                     ; 328.08 MHz ( period = 3.048 ns )                    ; load1[4]        ; palabra[0]~reg0  ; clk        ; clk      ; None                        ; None                      ; 2.835 ns                ;
; N/A                                     ; 328.73 MHz ( period = 3.042 ns )                    ; comandos[0]     ; palabra[1]~reg0  ; clk        ; clk      ; None                        ; None                      ; 2.825 ns                ;
; N/A                                     ; 330.69 MHz ( period = 3.024 ns )                    ; load2[2]        ; palabra[2]~reg0  ; clk        ; clk      ; None                        ; None                      ; 2.807 ns                ;
; N/A                                     ; 330.80 MHz ( period = 3.023 ns )                    ; mov[1]          ; palabra[3]~reg0  ; clk        ; clk      ; None                        ; None                      ; 2.806 ns                ;
; N/A                                     ; 330.80 MHz ( period = 3.023 ns )                    ; load2[2]        ; palabra[4]~reg0  ; clk        ; clk      ; None                        ; None                      ; 2.805 ns                ;
; N/A                                     ; 332.12 MHz ( period = 3.011 ns )                    ; comandos[1]     ; palabra[1]~reg0  ; clk        ; clk      ; None                        ; None                      ; 2.794 ns                ;
; N/A                                     ; 333.11 MHz ( period = 3.002 ns )                    ; add[4]          ; palabra[1]~reg0  ; clk        ; clk      ; None                        ; None                      ; 2.786 ns                ;
; N/A                                     ; 333.56 MHz ( period = 2.998 ns )                    ; comandos[2]     ; palabra[2]~reg0  ; clk        ; clk      ; None                        ; None                      ; 2.783 ns                ;
; N/A                                     ; 334.11 MHz ( period = 2.993 ns )                    ; comandos[0]     ; sub[3]           ; clk        ; clk      ; None                        ; None                      ; 2.776 ns                ;
; N/A                                     ; 334.11 MHz ( period = 2.993 ns )                    ; comandos[0]     ; sub[0]           ; clk        ; clk      ; None                        ; None                      ; 2.776 ns                ;
; N/A                                     ; 334.56 MHz ( period = 2.989 ns )                    ; load2[3]        ; palabra[3]~reg0  ; clk        ; clk      ; None                        ; None                      ; 2.771 ns                ;
; N/A                                     ; 336.25 MHz ( period = 2.974 ns )                    ; load2[2]        ; palabra[6]~reg0  ; clk        ; clk      ; None                        ; None                      ; 2.756 ns                ;
; N/A                                     ; 336.70 MHz ( period = 2.970 ns )                    ; add[3]          ; palabra[3]~reg0  ; clk        ; clk      ; None                        ; None                      ; 2.755 ns                ;
; N/A                                     ; 336.81 MHz ( period = 2.969 ns )                    ; load1[3]        ; palabra[6]~reg0  ; clk        ; clk      ; None                        ; None                      ; 2.755 ns                ;
; N/A                                     ; 336.93 MHz ( period = 2.968 ns )                    ; comandos[2]     ; palabra[6]~reg0  ; clk        ; clk      ; None                        ; None                      ; 2.752 ns                ;
; N/A                                     ; 337.84 MHz ( period = 2.960 ns )                    ; load1[1]        ; palabra[0]~reg0  ; clk        ; clk      ; None                        ; None                      ; 2.747 ns                ;
; N/A                                     ; 338.64 MHz ( period = 2.953 ns )                    ; add[4]          ; palabra[2]~reg0  ; clk        ; clk      ; None                        ; None                      ; 2.739 ns                ;
; N/A                                     ; 338.98 MHz ( period = 2.950 ns )                    ; load1[3]        ; palabra[0]~reg0  ; clk        ; clk      ; None                        ; None                      ; 2.738 ns                ;
; N/A                                     ; 340.02 MHz ( period = 2.941 ns )                    ; load2[4]        ; palabra[3]~reg0  ; clk        ; clk      ; None                        ; None                      ; 2.723 ns                ;
; N/A                                     ; 340.25 MHz ( period = 2.939 ns )                    ; comandos[2]     ; add[4]           ; clk        ; clk      ; None                        ; None                      ; 2.724 ns                ;
; N/A                                     ; 341.53 MHz ( period = 2.928 ns )                    ; sub[3]          ; palabra[3]~reg0  ; clk        ; clk      ; None                        ; None                      ; 2.715 ns                ;
; N/A                                     ; 341.65 MHz ( period = 2.927 ns )                    ; load2[1]        ; palabra[0]~reg0  ; clk        ; clk      ; None                        ; None                      ; 2.711 ns                ;
; N/A                                     ; 341.65 MHz ( period = 2.927 ns )                    ; comandos[2]     ; palabra[3]~reg0  ; clk        ; clk      ; None                        ; None                      ; 2.711 ns                ;
; N/A                                     ; 341.65 MHz ( period = 2.927 ns )                    ; mov[3]          ; palabra[4]~reg0  ; clk        ; clk      ; None                        ; None                      ; 2.710 ns                ;
; N/A                                     ; 341.88 MHz ( period = 2.925 ns )                    ; load2[3]        ; palabra[2]~reg0  ; clk        ; clk      ; None                        ; None                      ; 2.708 ns                ;
; N/A                                     ; 342.47 MHz ( period = 2.920 ns )                    ; load1[1]        ; palabra[6]~reg0  ; clk        ; clk      ; None                        ; None                      ; 2.705 ns                ;
; N/A                                     ; 342.82 MHz ( period = 2.917 ns )                    ; load1[2]        ; palabra[2]~reg0  ; clk        ; clk      ; None                        ; None                      ; 2.703 ns                ;
; N/A                                     ; 347.34 MHz ( period = 2.879 ns )                    ; add[1]          ; palabra[2]~reg0  ; clk        ; clk      ; None                        ; None                      ; 2.665 ns                ;
; N/A                                     ; 347.83 MHz ( period = 2.875 ns )                    ; load2[3]        ; palabra[4]~reg0  ; clk        ; clk      ; None                        ; None                      ; 2.657 ns                ;
; N/A                                     ; 349.16 MHz ( period = 2.864 ns )                    ; comandos[2]     ; sub[3]           ; clk        ; clk      ; None                        ; None                      ; 2.647 ns                ;
; N/A                                     ; 349.16 MHz ( period = 2.864 ns )                    ; comandos[2]     ; sub[0]           ; clk        ; clk      ; None                        ; None                      ; 2.647 ns                ;
; N/A                                     ; 349.16 MHz ( period = 2.864 ns )                    ; mov[4]          ; palabra[3]~reg0  ; clk        ; clk      ; None                        ; None                      ; 2.647 ns                ;
; N/A                                     ; 349.77 MHz ( period = 2.859 ns )                    ; mov[2]          ; palabra[6]~reg0  ; clk        ; clk      ; None                        ; None                      ; 2.642 ns                ;
; N/A                                     ; 349.90 MHz ( period = 2.858 ns )                    ; add[4]          ; palabra[3]~reg0  ; clk        ; clk      ; None                        ; None                      ; 2.643 ns                ;
; N/A                                     ; 352.49 MHz ( period = 2.837 ns )                    ; sub[2]          ; palabra[1]~reg0  ; clk        ; clk      ; None                        ; None                      ; 2.623 ns                ;
; N/A                                     ; 352.73 MHz ( period = 2.835 ns )                    ; load1[2]        ; palabra[6]~reg0  ; clk        ; clk      ; None                        ; None                      ; 2.620 ns                ;
; N/A                                     ; 353.61 MHz ( period = 2.828 ns )                    ; add[3]          ; palabra[4]~reg0  ; clk        ; clk      ; None                        ; None                      ; 2.613 ns                ;
; N/A                                     ; 353.61 MHz ( period = 2.828 ns )                    ; load2[4]        ; palabra[6]~reg0  ; clk        ; clk      ; None                        ; None                      ; 2.610 ns                ;
; N/A                                     ; 354.23 MHz ( period = 2.823 ns )                    ; add[3]          ; palabra[0]~reg0  ; clk        ; clk      ; None                        ; None                      ; 2.610 ns                ;
; N/A                                     ; 354.23 MHz ( period = 2.823 ns )                    ; add[1]          ; palabra[3]~reg0  ; clk        ; clk      ; None                        ; None                      ; 2.608 ns                ;
; N/A                                     ; 355.11 MHz ( period = 2.816 ns )                    ; sub[4]          ; palabra[1]~reg0  ; clk        ; clk      ; None                        ; None                      ; 2.602 ns                ;
; N/A                                     ; 355.87 MHz ( period = 2.810 ns )                    ; load2[1]        ; palabra[3]~reg0  ; clk        ; clk      ; None                        ; None                      ; 2.592 ns                ;
; N/A                                     ; 356.13 MHz ( period = 2.808 ns )                    ; load2[2]        ; palabra[0]~reg0  ; clk        ; clk      ; None                        ; None                      ; 2.592 ns                ;
; N/A                                     ; 356.38 MHz ( period = 2.806 ns )                    ; sub[3]          ; palabra[0]~reg0  ; clk        ; clk      ; None                        ; None                      ; 2.595 ns                ;
; N/A                                     ; 357.02 MHz ( period = 2.801 ns )                    ; comandos[2]     ; palabra[1]~reg0  ; clk        ; clk      ; None                        ; None                      ; 2.584 ns                ;
; N/A                                     ; 357.65 MHz ( period = 2.796 ns )                    ; load1[4]        ; palabra[4]~reg0  ; clk        ; clk      ; None                        ; None                      ; 2.581 ns                ;
; N/A                                     ; 358.29 MHz ( period = 2.791 ns )                    ; comandos[0]     ; sub[4]           ; clk        ; clk      ; None                        ; None                      ; 2.574 ns                ;
; N/A                                     ; 359.20 MHz ( period = 2.784 ns )                    ; sub[1]          ; palabra[4]~reg0  ; clk        ; clk      ; None                        ; None                      ; 2.571 ns                ;
; N/A                                     ; 359.20 MHz ( period = 2.784 ns )                    ; load1[1]        ; palabra[5]~reg0  ; clk        ; clk      ; None                        ; None                      ; 2.571 ns                ;
; N/A                                     ; 359.32 MHz ( period = 2.783 ns )                    ; mov[1]          ; palabra[4]~reg0  ; clk        ; clk      ; None                        ; None                      ; 2.566 ns                ;
; N/A                                     ; 360.36 MHz ( period = 2.775 ns )                    ; comandos[0]     ; palabra[4]~reg0  ; clk        ; clk      ; None                        ; None                      ; 2.559 ns                ;
; N/A                                     ; 362.84 MHz ( period = 2.756 ns )                    ; sub[4]          ; palabra[4]~reg0  ; clk        ; clk      ; None                        ; None                      ; 2.543 ns                ;
; N/A                                     ; 366.57 MHz ( period = 2.728 ns )                    ; load2[4]        ; palabra[4]~reg0  ; clk        ; clk      ; None                        ; None                      ; 2.510 ns                ;
; N/A                                     ; 367.65 MHz ( period = 2.720 ns )                    ; add[4]          ; palabra[4]~reg0  ; clk        ; clk      ; None                        ; None                      ; 2.505 ns                ;
; N/A                                     ; 367.92 MHz ( period = 2.718 ns )                    ; comandos[1]     ; palabra[3]~reg0  ; clk        ; clk      ; None                        ; None                      ; 2.502 ns                ;
; N/A                                     ; 368.05 MHz ( period = 2.717 ns )                    ; add[4]          ; palabra[0]~reg0  ; clk        ; clk      ; None                        ; None                      ; 2.504 ns                ;
; N/A                                     ; 369.28 MHz ( period = 2.708 ns )                    ; comandos[0]     ; mov[4]           ; clk        ; clk      ; None                        ; None                      ; 2.495 ns                ;
; N/A                                     ; 369.28 MHz ( period = 2.708 ns )                    ; comandos[0]     ; mov[2]           ; clk        ; clk      ; None                        ; None                      ; 2.495 ns                ;
; N/A                                     ; 369.28 MHz ( period = 2.708 ns )                    ; comandos[0]     ; mov[1]           ; clk        ; clk      ; None                        ; None                      ; 2.495 ns                ;
; N/A                                     ; 369.28 MHz ( period = 2.708 ns )                    ; comandos[0]     ; mov[3]           ; clk        ; clk      ; None                        ; None                      ; 2.495 ns                ;
; N/A                                     ; 369.28 MHz ( period = 2.708 ns )                    ; comandos[0]     ; mov[0]           ; clk        ; clk      ; None                        ; None                      ; 2.495 ns                ;
; N/A                                     ; 369.41 MHz ( period = 2.707 ns )                    ; mov[3]          ; palabra[3]~reg0  ; clk        ; clk      ; None                        ; None                      ; 2.490 ns                ;
; N/A                                     ; 369.55 MHz ( period = 2.706 ns )                    ; comandos[0]     ; load2[3]         ; clk        ; clk      ; None                        ; None                      ; 2.494 ns                ;
; N/A                                     ; 369.55 MHz ( period = 2.706 ns )                    ; comandos[0]     ; load2[1]         ; clk        ; clk      ; None                        ; None                      ; 2.494 ns                ;
; N/A                                     ; 369.55 MHz ( period = 2.706 ns )                    ; comandos[0]     ; load2[2]         ; clk        ; clk      ; None                        ; None                      ; 2.494 ns                ;
; N/A                                     ; 369.55 MHz ( period = 2.706 ns )                    ; comandos[0]     ; load2[0]         ; clk        ; clk      ; None                        ; None                      ; 2.494 ns                ;
; N/A                                     ; 370.51 MHz ( period = 2.699 ns )                    ; sub[3]          ; palabra[2]~reg0  ; clk        ; clk      ; None                        ; None                      ; 2.487 ns                ;
; N/A                                     ; 371.47 MHz ( period = 2.692 ns )                    ; add[2]          ; palabra[2]~reg0  ; clk        ; clk      ; None                        ; None                      ; 2.478 ns                ;
; N/A                                     ; 371.47 MHz ( period = 2.692 ns )                    ; load2[3]        ; palabra[6]~reg0  ; clk        ; clk      ; None                        ; None                      ; 2.474 ns                ;
; N/A                                     ; 371.47 MHz ( period = 2.692 ns )                    ; load1[0]        ; palabra[10]~reg0 ; clk        ; clk      ; None                        ; None                      ; 2.480 ns                ;
; N/A                                     ; 372.16 MHz ( period = 2.687 ns )                    ; add[3]          ; palabra[6]~reg0  ; clk        ; clk      ; None                        ; None                      ; 2.472 ns                ;
; N/A                                     ; 372.44 MHz ( period = 2.685 ns )                    ; mov[2]          ; palabra[4]~reg0  ; clk        ; clk      ; None                        ; None                      ; 2.468 ns                ;
; N/A                                     ; 372.72 MHz ( period = 2.683 ns )                    ; load2[2]        ; palabra[3]~reg0  ; clk        ; clk      ; None                        ; None                      ; 2.465 ns                ;
; N/A                                     ; 375.66 MHz ( period = 2.662 ns )                    ; comandos[2]     ; sub[4]           ; clk        ; clk      ; None                        ; None                      ; 2.445 ns                ;
; N/A                                     ; 376.51 MHz ( period = 2.656 ns )                    ; add[1]          ; palabra[4]~reg0  ; clk        ; clk      ; None                        ; None                      ; 2.441 ns                ;
; N/A                                     ; 378.21 MHz ( period = 2.644 ns )                    ; sub[2]          ; palabra[3]~reg0  ; clk        ; clk      ; None                        ; None                      ; 2.431 ns                ;
; N/A                                     ; 379.36 MHz ( period = 2.636 ns )                    ; comandos[1]     ; palabra[4]~reg0  ; clk        ; clk      ; None                        ; None                      ; 2.420 ns                ;
; N/A                                     ; 379.36 MHz ( period = 2.636 ns )                    ; sub[3]          ; palabra[6]~reg0  ; clk        ; clk      ; None                        ; None                      ; 2.423 ns                ;
; N/A                                     ; 379.51 MHz ( period = 2.635 ns )                    ; load1[1]        ; palabra[4]~reg0  ; clk        ; clk      ; None                        ; None                      ; 2.420 ns                ;
; N/A                                     ; 379.79 MHz ( period = 2.633 ns )                    ; add[2]          ; palabra[3]~reg0  ; clk        ; clk      ; None                        ; None                      ; 2.418 ns                ;
; N/A                                     ; 380.37 MHz ( period = 2.629 ns )                    ; sub[4]          ; palabra[3]~reg0  ; clk        ; clk      ; None                        ; None                      ; 2.416 ns                ;
; N/A                                     ; 381.39 MHz ( period = 2.622 ns )                    ; add[1]          ; palabra[0]~reg0  ; clk        ; clk      ; None                        ; None                      ; 2.409 ns                ;
; N/A                                     ; 382.41 MHz ( period = 2.615 ns )                    ; comandos[0]     ; palabra[2]~reg0  ; clk        ; clk      ; None                        ; None                      ; 2.400 ns                ;
; N/A                                     ; 384.02 MHz ( period = 2.604 ns )                    ; sub[2]          ; palabra[4]~reg0  ; clk        ; clk      ; None                        ; None                      ; 2.391 ns                ;
; N/A                                     ; 385.36 MHz ( period = 2.595 ns )                    ; sub[3]          ; palabra[4]~reg0  ; clk        ; clk      ; None                        ; None                      ; 2.382 ns                ;
; N/A                                     ; 387.30 MHz ( period = 2.582 ns )                    ; add[4]          ; palabra[6]~reg0  ; clk        ; clk      ; None                        ; None                      ; 2.367 ns                ;
; N/A                                     ; 388.20 MHz ( period = 2.576 ns )                    ; comandos[2]     ; palabra[0]~reg0  ; clk        ; clk      ; None                        ; None                      ; 2.362 ns                ;
; N/A                                     ; 388.95 MHz ( period = 2.571 ns )                    ; mov[2]          ; palabra[3]~reg0  ; clk        ; clk      ; None                        ; None                      ; 2.354 ns                ;
; N/A                                     ; 389.11 MHz ( period = 2.570 ns )                    ; comandos[0]     ; load2[4]         ; clk        ; clk      ; None                        ; None                      ; 2.358 ns                ;
; N/A                                     ; 389.26 MHz ( period = 2.569 ns )                    ; load1[1]        ; palabra[3]~reg0  ; clk        ; clk      ; None                        ; None                      ; 2.354 ns                ;
; N/A                                     ; 392.16 MHz ( period = 2.550 ns )                    ; sub[2]          ; palabra[0]~reg0  ; clk        ; clk      ; None                        ; None                      ; 2.339 ns                ;
; N/A                                     ; 393.24 MHz ( period = 2.543 ns )                    ; sub[4]          ; palabra[0]~reg0  ; clk        ; clk      ; None                        ; None                      ; 2.332 ns                ;
; N/A                                     ; 394.63 MHz ( period = 2.534 ns )                    ; sub[1]          ; palabra[1]~reg0  ; clk        ; clk      ; None                        ; None                      ; 2.320 ns                ;
; N/A                                     ; 397.30 MHz ( period = 2.517 ns )                    ; load1[2]        ; palabra[4]~reg0  ; clk        ; clk      ; None                        ; None                      ; 2.302 ns                ;
; N/A                                     ; 397.77 MHz ( period = 2.514 ns )                    ; load2[0]        ; palabra[10]~reg0 ; clk        ; clk      ; None                        ; None                      ; 2.298 ns                ;
; N/A                                     ; 398.09 MHz ( period = 2.512 ns )                    ; add[1]          ; palabra[6]~reg0  ; clk        ; clk      ; None                        ; None                      ; 2.297 ns                ;
; N/A                                     ; 400.48 MHz ( period = 2.497 ns )                    ; mov[2]          ; palabra[0]~reg0  ; clk        ; clk      ; None                        ; None                      ; 2.282 ns                ;
; N/A                                     ; 400.96 MHz ( period = 2.494 ns )                    ; load1[3]        ; palabra[3]~reg0  ; clk        ; clk      ; None                        ; None                      ; 2.280 ns                ;
; N/A                                     ; 402.09 MHz ( period = 2.487 ns )                    ; load1[2]        ; palabra[5]~reg0  ; clk        ; clk      ; None                        ; None                      ; 2.274 ns                ;
; N/A                                     ; 402.25 MHz ( period = 2.486 ns )                    ; comandos[1]     ; palabra[2]~reg0  ; clk        ; clk      ; None                        ; None                      ; 2.271 ns                ;
; N/A                                     ; 405.68 MHz ( period = 2.465 ns )                    ; add[2]          ; palabra[4]~reg0  ; clk        ; clk      ; None                        ; None                      ; 2.250 ns                ;
; N/A                                     ; 406.01 MHz ( period = 2.463 ns )                    ; comandos[2]     ; mov[4]           ; clk        ; clk      ; None                        ; None                      ; 2.250 ns                ;
; N/A                                     ; 406.01 MHz ( period = 2.463 ns )                    ; comandos[2]     ; mov[2]           ; clk        ; clk      ; None                        ; None                      ; 2.250 ns                ;
; N/A                                     ; 406.01 MHz ( period = 2.463 ns )                    ; comandos[2]     ; mov[1]           ; clk        ; clk      ; None                        ; None                      ; 2.250 ns                ;
; N/A                                     ; 406.01 MHz ( period = 2.463 ns )                    ; comandos[2]     ; mov[3]           ; clk        ; clk      ; None                        ; None                      ; 2.250 ns                ;
; N/A                                     ; 406.01 MHz ( period = 2.463 ns )                    ; comandos[2]     ; mov[0]           ; clk        ; clk      ; None                        ; None                      ; 2.250 ns                ;
; N/A                                     ; 406.17 MHz ( period = 2.462 ns )                    ; add[2]          ; palabra[0]~reg0  ; clk        ; clk      ; None                        ; None                      ; 2.249 ns                ;
; N/A                                     ; 406.34 MHz ( period = 2.461 ns )                    ; comandos[2]     ; load2[3]         ; clk        ; clk      ; None                        ; None                      ; 2.249 ns                ;
; N/A                                     ; 406.34 MHz ( period = 2.461 ns )                    ; comandos[2]     ; load2[1]         ; clk        ; clk      ; None                        ; None                      ; 2.249 ns                ;
; N/A                                     ; 406.34 MHz ( period = 2.461 ns )                    ; comandos[2]     ; load2[2]         ; clk        ; clk      ; None                        ; None                      ; 2.249 ns                ;
; N/A                                     ; 406.34 MHz ( period = 2.461 ns )                    ; comandos[2]     ; load2[0]         ; clk        ; clk      ; None                        ; None                      ; 2.249 ns                ;
; N/A                                     ; 407.17 MHz ( period = 2.456 ns )                    ; mov[1]          ; palabra[0]~reg0  ; clk        ; clk      ; None                        ; None                      ; 2.241 ns                ;
; N/A                                     ; 409.33 MHz ( period = 2.443 ns )                    ; comandos[2]     ; palabra[10]~reg0 ; clk        ; clk      ; None                        ; None                      ; 2.229 ns                ;
; N/A                                     ; 410.17 MHz ( period = 2.438 ns )                    ; sub[2]          ; palabra[2]~reg0  ; clk        ; clk      ; None                        ; None                      ; 2.226 ns                ;
; N/A                                     ; 410.34 MHz ( period = 2.437 ns )                    ; sub[4]          ; palabra[2]~reg0  ; clk        ; clk      ; None                        ; None                      ; 2.225 ns                ;
; N/A                                     ; 417.89 MHz ( period = 2.393 ns )                    ; sub[2]          ; palabra[6]~reg0  ; clk        ; clk      ; None                        ; None                      ; 2.180 ns                ;
; N/A                                     ; 419.11 MHz ( period = 2.386 ns )                    ; sub[1]          ; palabra[3]~reg0  ; clk        ; clk      ; None                        ; None                      ; 2.173 ns                ;
; N/A                                     ; 419.64 MHz ( period = 2.383 ns )                    ; comandos[0]     ; palabra[3]~reg0  ; clk        ; clk      ; None                        ; None                      ; 2.167 ns                ;
; N/A                                     ; Restricted to 420.17 MHz ( period = 2.380 ns )      ; sub[4]          ; palabra[6]~reg0  ; clk        ; clk      ; None                        ; None                      ; 2.159 ns                ;
; N/A                                     ; Restricted to 420.17 MHz ( period = 2.380 ns )      ; load1[3]        ; palabra[5]~reg0  ; clk        ; clk      ; None                        ; None                      ; 2.157 ns                ;
; N/A                                     ; Restricted to 420.17 MHz ( period = 2.380 ns )      ; load1[4]        ; palabra[3]~reg0  ; clk        ; clk      ; None                        ; None                      ; 2.140 ns                ;
; N/A                                     ; Restricted to 420.17 MHz ( period = 2.380 ns )      ; load1[4]        ; load1[2]         ; clk        ; clk      ; None                        ; None                      ; 2.135 ns                ;
; N/A                                     ; Restricted to 420.17 MHz ( period = 2.380 ns )      ; mov[4]          ; palabra[6]~reg0  ; clk        ; clk      ; None                        ; None                      ; 2.119 ns                ;
; N/A                                     ; Restricted to 420.17 MHz ( period = 2.380 ns )      ; add[2]          ; palabra[6]~reg0  ; clk        ; clk      ; None                        ; None                      ; 2.111 ns                ;
; N/A                                     ; Restricted to 420.17 MHz ( period = 2.380 ns )      ; mov[3]          ; palabra[0]~reg0  ; clk        ; clk      ; None                        ; None                      ; 2.110 ns                ;
; N/A                                     ; Restricted to 420.17 MHz ( period = 2.380 ns )      ; comandos[2]     ; load2[4]         ; clk        ; clk      ; None                        ; None                      ; 2.113 ns                ;
; N/A                                     ; Restricted to 420.17 MHz ( period = 2.380 ns )      ; sub[1]          ; palabra[0]~reg0  ; clk        ; clk      ; None                        ; None                      ; 2.057 ns                ;
; N/A                                     ; Restricted to 420.17 MHz ( period = 2.380 ns )      ; comandos[1]     ; palabra[6]~reg0  ; clk        ; clk      ; None                        ; None                      ; 2.038 ns                ;
; N/A                                     ; Restricted to 420.17 MHz ( period = 2.380 ns )      ; load1[2]        ; palabra[3]~reg0  ; clk        ; clk      ; None                        ; None                      ; 2.033 ns                ;
; N/A                                     ; Restricted to 420.17 MHz ( period = 2.380 ns )      ; sub[0]          ; palabra[10]~reg0 ; clk        ; clk      ; None                        ; None                      ; 2.030 ns                ;
; N/A                                     ; Restricted to 420.17 MHz ( period = 2.380 ns )      ; sub[0]          ; sub[3]           ; clk        ; clk      ; None                        ; None                      ; 2.009 ns                ;
; N/A                                     ; Restricted to 420.17 MHz ( period = 2.380 ns )      ; mov[4]          ; palabra[0]~reg0  ; clk        ; clk      ; None                        ; None                      ; 1.994 ns                ;
; N/A                                     ; Restricted to 420.17 MHz ( period = 2.380 ns )      ; sub[0]          ; sub[1]           ; clk        ; clk      ; None                        ; None                      ; 1.957 ns                ;
; N/A                                     ; Restricted to 420.17 MHz ( period = 2.380 ns )      ; sub[3]          ; sub[1]           ; clk        ; clk      ; None                        ; None                      ; 1.954 ns                ;
; N/A                                     ; Restricted to 420.17 MHz ( period = 2.380 ns )      ; sub[1]          ; palabra[2]~reg0  ; clk        ; clk      ; None                        ; None                      ; 1.947 ns                ;
; N/A                                     ; Restricted to 420.17 MHz ( period = 2.380 ns )      ; sub[0]          ; sub[2]           ; clk        ; clk      ; None                        ; None                      ; 1.933 ns                ;
; N/A                                     ; Restricted to 420.17 MHz ( period = 2.380 ns )      ; add[0]          ; palabra[10]~reg0 ; clk        ; clk      ; None                        ; None                      ; 1.929 ns                ;
; N/A                                     ; Restricted to 420.17 MHz ( period = 2.380 ns )      ; sub[1]          ; palabra[6]~reg0  ; clk        ; clk      ; None                        ; None                      ; 1.880 ns                ;
; N/A                                     ; Restricted to 420.17 MHz ( period = 2.380 ns )      ; sub[3]          ; sub[2]           ; clk        ; clk      ; None                        ; None                      ; 1.822 ns                ;
; N/A                                     ; Restricted to 420.17 MHz ( period = 2.380 ns )      ; load1[1]        ; load1[4]         ; clk        ; clk      ; None                        ; None                      ; 1.815 ns                ;
; Timing analysis restricted to 200 rows. ; To change the limit use Settings (Assignments menu) ;                 ;                  ;            ;          ;                             ;                           ;                         ;
+-----------------------------------------+-----------------------------------------------------+-----------------+------------------+------------+----------+-----------------------------+---------------------------+-------------------------+


+-----------------------------------------------------------------------------+
; tsu                                                                         ;
+-------+--------------+------------+-----------+------------------+----------+
; Slack ; Required tsu ; Actual tsu ; From      ; To               ; To Clock ;
+-------+--------------+------------+-----------+------------------+----------+
; N/A   ; None         ; 3.863 ns   ; numins[3] ; palabra[5]~reg0  ; clk      ;
; N/A   ; None         ; 3.035 ns   ; numins[3] ; palabra[2]~reg0  ; clk      ;
; N/A   ; None         ; 3.000 ns   ; numins[3] ; load1[4]         ; clk      ;
; N/A   ; None         ; 3.000 ns   ; numins[3] ; load1[1]         ; clk      ;
; N/A   ; None         ; 3.000 ns   ; numins[3] ; load1[2]         ; clk      ;
; N/A   ; None         ; 2.985 ns   ; numins[3] ; load1[3]         ; clk      ;
; N/A   ; None         ; 2.985 ns   ; numins[3] ; load1[0]         ; clk      ;
; N/A   ; None         ; 2.888 ns   ; numins[0] ; palabra[5]~reg0  ; clk      ;
; N/A   ; None         ; 2.856 ns   ; numins[1] ; palabra[2]~reg0  ; clk      ;
; N/A   ; None         ; 2.841 ns   ; numins[2] ; palabra[5]~reg0  ; clk      ;
; N/A   ; None         ; 2.820 ns   ; numins[3] ; sub[2]           ; clk      ;
; N/A   ; None         ; 2.820 ns   ; numins[3] ; sub[1]           ; clk      ;
; N/A   ; None         ; 2.810 ns   ; numins[1] ; palabra[5]~reg0  ; clk      ;
; N/A   ; None         ; 2.803 ns   ; numins[3] ; palabra[3]~reg0  ; clk      ;
; N/A   ; None         ; 2.803 ns   ; numins[3] ; palabra[6]~reg0  ; clk      ;
; N/A   ; None         ; 2.801 ns   ; numins[3] ; add[3]           ; clk      ;
; N/A   ; None         ; 2.801 ns   ; numins[3] ; add[1]           ; clk      ;
; N/A   ; None         ; 2.801 ns   ; numins[3] ; add[2]           ; clk      ;
; N/A   ; None         ; 2.801 ns   ; numins[3] ; add[0]           ; clk      ;
; N/A   ; None         ; 2.778 ns   ; numins[3] ; palabra[4]~reg0  ; clk      ;
; N/A   ; None         ; 2.738 ns   ; numins[3] ; palabra[1]~reg0  ; clk      ;
; N/A   ; None         ; 2.721 ns   ; numins[0] ; palabra[2]~reg0  ; clk      ;
; N/A   ; None         ; 2.691 ns   ; numins[3] ; add[4]           ; clk      ;
; N/A   ; None         ; 2.616 ns   ; numins[3] ; sub[3]           ; clk      ;
; N/A   ; None         ; 2.616 ns   ; numins[3] ; sub[0]           ; clk      ;
; N/A   ; None         ; 2.441 ns   ; numins[1] ; palabra[6]~reg0  ; clk      ;
; N/A   ; None         ; 2.414 ns   ; numins[3] ; sub[4]           ; clk      ;
; N/A   ; None         ; 2.330 ns   ; numins[1] ; palabra[4]~reg0  ; clk      ;
; N/A   ; None         ; 2.287 ns   ; numins[0] ; palabra[6]~reg0  ; clk      ;
; N/A   ; None         ; 2.202 ns   ; numins[0] ; load1[4]         ; clk      ;
; N/A   ; None         ; 2.202 ns   ; numins[0] ; load1[1]         ; clk      ;
; N/A   ; None         ; 2.202 ns   ; numins[0] ; load1[2]         ; clk      ;
; N/A   ; None         ; 2.187 ns   ; numins[0] ; load1[3]         ; clk      ;
; N/A   ; None         ; 2.187 ns   ; numins[0] ; load1[0]         ; clk      ;
; N/A   ; None         ; 2.176 ns   ; numins[0] ; palabra[4]~reg0  ; clk      ;
; N/A   ; None         ; 2.172 ns   ; numins[3] ; mov[4]           ; clk      ;
; N/A   ; None         ; 2.172 ns   ; numins[3] ; mov[2]           ; clk      ;
; N/A   ; None         ; 2.172 ns   ; numins[3] ; mov[1]           ; clk      ;
; N/A   ; None         ; 2.172 ns   ; numins[3] ; mov[3]           ; clk      ;
; N/A   ; None         ; 2.172 ns   ; numins[3] ; mov[0]           ; clk      ;
; N/A   ; None         ; 2.172 ns   ; numins[0] ; palabra[3]~reg0  ; clk      ;
; N/A   ; None         ; 2.170 ns   ; numins[3] ; load2[3]         ; clk      ;
; N/A   ; None         ; 2.170 ns   ; numins[3] ; load2[1]         ; clk      ;
; N/A   ; None         ; 2.170 ns   ; numins[3] ; load2[2]         ; clk      ;
; N/A   ; None         ; 2.170 ns   ; numins[3] ; load2[0]         ; clk      ;
; N/A   ; None         ; 2.096 ns   ; numins[1] ; palabra[3]~reg0  ; clk      ;
; N/A   ; None         ; 2.039 ns   ; numins[0] ; palabra[1]~reg0  ; clk      ;
; N/A   ; None         ; 2.034 ns   ; numins[3] ; load2[4]         ; clk      ;
; N/A   ; None         ; 2.029 ns   ; numins[2] ; palabra[2]~reg0  ; clk      ;
; N/A   ; None         ; 2.022 ns   ; numins[0] ; sub[2]           ; clk      ;
; N/A   ; None         ; 2.022 ns   ; numins[0] ; sub[1]           ; clk      ;
; N/A   ; None         ; 2.003 ns   ; numins[0] ; add[3]           ; clk      ;
; N/A   ; None         ; 2.003 ns   ; numins[0] ; add[1]           ; clk      ;
; N/A   ; None         ; 2.003 ns   ; numins[0] ; add[2]           ; clk      ;
; N/A   ; None         ; 2.003 ns   ; numins[0] ; add[0]           ; clk      ;
; N/A   ; None         ; 1.963 ns   ; numins[1] ; palabra[1]~reg0  ; clk      ;
; N/A   ; None         ; 1.893 ns   ; numins[0] ; add[4]           ; clk      ;
; N/A   ; None         ; 1.818 ns   ; numins[0] ; sub[3]           ; clk      ;
; N/A   ; None         ; 1.818 ns   ; numins[0] ; sub[0]           ; clk      ;
; N/A   ; None         ; 1.797 ns   ; numins[2] ; palabra[3]~reg0  ; clk      ;
; N/A   ; None         ; 1.797 ns   ; numins[2] ; palabra[6]~reg0  ; clk      ;
; N/A   ; None         ; 1.772 ns   ; numins[2] ; palabra[4]~reg0  ; clk      ;
; N/A   ; None         ; 1.704 ns   ; numins[1] ; load2[3]         ; clk      ;
; N/A   ; None         ; 1.704 ns   ; numins[1] ; load2[1]         ; clk      ;
; N/A   ; None         ; 1.704 ns   ; numins[1] ; load2[2]         ; clk      ;
; N/A   ; None         ; 1.704 ns   ; numins[1] ; load2[0]         ; clk      ;
; N/A   ; None         ; 1.697 ns   ; numins[2] ; palabra[1]~reg0  ; clk      ;
; N/A   ; None         ; 1.674 ns   ; numins[3] ; palabra[9]~reg0  ; clk      ;
; N/A   ; None         ; 1.631 ns   ; numins[3] ; palabra[0]~reg0  ; clk      ;
; N/A   ; None         ; 1.616 ns   ; numins[0] ; sub[4]           ; clk      ;
; N/A   ; None         ; 1.581 ns   ; numins[1] ; mov[4]           ; clk      ;
; N/A   ; None         ; 1.581 ns   ; numins[1] ; mov[2]           ; clk      ;
; N/A   ; None         ; 1.581 ns   ; numins[1] ; mov[1]           ; clk      ;
; N/A   ; None         ; 1.581 ns   ; numins[1] ; mov[3]           ; clk      ;
; N/A   ; None         ; 1.581 ns   ; numins[1] ; mov[0]           ; clk      ;
; N/A   ; None         ; 1.569 ns   ; numins[0] ; load2[3]         ; clk      ;
; N/A   ; None         ; 1.569 ns   ; numins[0] ; load2[1]         ; clk      ;
; N/A   ; None         ; 1.569 ns   ; numins[0] ; load2[2]         ; clk      ;
; N/A   ; None         ; 1.569 ns   ; numins[0] ; load2[0]         ; clk      ;
; N/A   ; None         ; 1.568 ns   ; numins[1] ; load2[4]         ; clk      ;
; N/A   ; None         ; 1.529 ns   ; numins[3] ; palabra[10]~reg0 ; clk      ;
; N/A   ; None         ; 1.433 ns   ; numins[0] ; load2[4]         ; clk      ;
; N/A   ; None         ; 1.427 ns   ; numins[0] ; mov[4]           ; clk      ;
; N/A   ; None         ; 1.427 ns   ; numins[0] ; mov[2]           ; clk      ;
; N/A   ; None         ; 1.427 ns   ; numins[0] ; mov[1]           ; clk      ;
; N/A   ; None         ; 1.427 ns   ; numins[0] ; mov[3]           ; clk      ;
; N/A   ; None         ; 1.427 ns   ; numins[0] ; mov[0]           ; clk      ;
; N/A   ; None         ; 1.158 ns   ; numins[0] ; palabra[10]~reg0 ; clk      ;
; N/A   ; None         ; 1.043 ns   ; numins[0] ; palabra[9]~reg0  ; clk      ;
; N/A   ; None         ; 1.015 ns   ; numins[0] ; palabra[0]~reg0  ; clk      ;
; N/A   ; None         ; 0.977 ns   ; numins[2] ; mov[4]           ; clk      ;
; N/A   ; None         ; 0.977 ns   ; numins[2] ; mov[2]           ; clk      ;
; N/A   ; None         ; 0.977 ns   ; numins[2] ; mov[1]           ; clk      ;
; N/A   ; None         ; 0.977 ns   ; numins[2] ; mov[3]           ; clk      ;
; N/A   ; None         ; 0.977 ns   ; numins[2] ; mov[0]           ; clk      ;
; N/A   ; None         ; 0.967 ns   ; numins[1] ; palabra[9]~reg0  ; clk      ;
; N/A   ; None         ; 0.961 ns   ; numins[2] ; load1[4]         ; clk      ;
; N/A   ; None         ; 0.961 ns   ; numins[2] ; load1[1]         ; clk      ;
; N/A   ; None         ; 0.961 ns   ; numins[2] ; load1[2]         ; clk      ;
; N/A   ; None         ; 0.946 ns   ; numins[2] ; load1[3]         ; clk      ;
; N/A   ; None         ; 0.946 ns   ; numins[2] ; load1[0]         ; clk      ;
; N/A   ; None         ; 0.938 ns   ; numins[1] ; palabra[0]~reg0  ; clk      ;
; N/A   ; None         ; 0.931 ns   ; numins[1] ; add[3]           ; clk      ;
; N/A   ; None         ; 0.931 ns   ; numins[1] ; add[1]           ; clk      ;
; N/A   ; None         ; 0.931 ns   ; numins[1] ; add[2]           ; clk      ;
; N/A   ; None         ; 0.931 ns   ; numins[1] ; add[0]           ; clk      ;
; N/A   ; None         ; 0.880 ns   ; numins[2] ; load2[3]         ; clk      ;
; N/A   ; None         ; 0.880 ns   ; numins[2] ; load2[1]         ; clk      ;
; N/A   ; None         ; 0.880 ns   ; numins[2] ; load2[2]         ; clk      ;
; N/A   ; None         ; 0.880 ns   ; numins[2] ; load2[0]         ; clk      ;
; N/A   ; None         ; 0.864 ns   ; numins[1] ; load1[4]         ; clk      ;
; N/A   ; None         ; 0.864 ns   ; numins[1] ; load1[1]         ; clk      ;
; N/A   ; None         ; 0.864 ns   ; numins[1] ; load1[2]         ; clk      ;
; N/A   ; None         ; 0.849 ns   ; numins[1] ; load1[3]         ; clk      ;
; N/A   ; None         ; 0.849 ns   ; numins[1] ; load1[0]         ; clk      ;
; N/A   ; None         ; 0.821 ns   ; numins[1] ; add[4]           ; clk      ;
; N/A   ; None         ; 0.779 ns   ; numins[1] ; palabra[10]~reg0 ; clk      ;
; N/A   ; None         ; 0.763 ns   ; numins[2] ; sub[2]           ; clk      ;
; N/A   ; None         ; 0.763 ns   ; numins[2] ; sub[1]           ; clk      ;
; N/A   ; None         ; 0.744 ns   ; numins[2] ; load2[4]         ; clk      ;
; N/A   ; None         ; 0.668 ns   ; numins[2] ; palabra[9]~reg0  ; clk      ;
; N/A   ; None         ; 0.647 ns   ; numins[1] ; sub[2]           ; clk      ;
; N/A   ; None         ; 0.647 ns   ; numins[1] ; sub[1]           ; clk      ;
; N/A   ; None         ; 0.641 ns   ; numins[2] ; add[3]           ; clk      ;
; N/A   ; None         ; 0.641 ns   ; numins[2] ; add[1]           ; clk      ;
; N/A   ; None         ; 0.641 ns   ; numins[2] ; add[2]           ; clk      ;
; N/A   ; None         ; 0.641 ns   ; numins[2] ; add[0]           ; clk      ;
; N/A   ; None         ; 0.625 ns   ; numins[2] ; palabra[0]~reg0  ; clk      ;
; N/A   ; None         ; 0.559 ns   ; numins[2] ; sub[3]           ; clk      ;
; N/A   ; None         ; 0.559 ns   ; numins[2] ; sub[0]           ; clk      ;
; N/A   ; None         ; 0.531 ns   ; numins[2] ; add[4]           ; clk      ;
; N/A   ; None         ; 0.488 ns   ; numins[2] ; palabra[10]~reg0 ; clk      ;
; N/A   ; None         ; 0.443 ns   ; numins[1] ; sub[3]           ; clk      ;
; N/A   ; None         ; 0.443 ns   ; numins[1] ; sub[0]           ; clk      ;
; N/A   ; None         ; 0.357 ns   ; numins[2] ; sub[4]           ; clk      ;
; N/A   ; None         ; 0.241 ns   ; numins[1] ; sub[4]           ; clk      ;
+-------+--------------+------------+-----------+------------------+----------+


+---------------------------------------------------------------------------------+
; tco                                                                             ;
+-------+--------------+------------+------------------+-------------+------------+
; Slack ; Required tco ; Actual tco ; From             ; To          ; From Clock ;
+-------+--------------+------------+------------------+-------------+------------+
; N/A   ; None         ; 10.104 ns  ; palabra[5]~reg0  ; palabra[5]  ; clk        ;
; N/A   ; None         ; 9.877 ns   ; palabra[2]~reg0  ; palabra[2]  ; clk        ;
; N/A   ; None         ; 9.172 ns   ; palabra[1]~reg0  ; palabra[1]  ; clk        ;
; N/A   ; None         ; 9.162 ns   ; palabra[3]~reg0  ; palabra[3]  ; clk        ;
; N/A   ; None         ; 9.150 ns   ; palabra[0]~reg0  ; palabra[0]  ; clk        ;
; N/A   ; None         ; 9.049 ns   ; palabra[4]~reg0  ; palabra[4]  ; clk        ;
; N/A   ; None         ; 8.556 ns   ; palabra[6]~reg0  ; palabra[6]  ; clk        ;
; N/A   ; None         ; 8.534 ns   ; palabra[10]~reg0 ; palabra[10] ; clk        ;
; N/A   ; None         ; 8.036 ns   ; palabra[9]~reg0  ; palabra[9]  ; clk        ;
+-------+--------------+------------+------------------+-------------+------------+


+-----------------------------------------------------------------------------------+
; th                                                                                ;
+---------------+-------------+-----------+-----------+------------------+----------+
; Minimum Slack ; Required th ; Actual th ; From      ; To               ; To Clock ;
+---------------+-------------+-----------+-----------+------------------+----------+
; N/A           ; None        ; 0.134 ns  ; numins[2] ; palabra[6]~reg0  ; clk      ;
; N/A           ; None        ; 0.055 ns  ; numins[0] ; palabra[3]~reg0  ; clk      ;
; N/A           ; None        ; 0.028 ns  ; numins[0] ; palabra[4]~reg0  ; clk      ;
; N/A           ; None        ; -0.009 ns ; numins[2] ; palabra[3]~reg0  ; clk      ;
; N/A           ; None        ; -0.011 ns ; numins[1] ; sub[4]           ; clk      ;
; N/A           ; None        ; -0.051 ns ; numins[2] ; palabra[0]~reg0  ; clk      ;
; N/A           ; None        ; -0.051 ns ; numins[2] ; palabra[10]~reg0 ; clk      ;
; N/A           ; None        ; -0.127 ns ; numins[2] ; sub[4]           ; clk      ;
; N/A           ; None        ; -0.182 ns ; numins[1] ; palabra[0]~reg0  ; clk      ;
; N/A           ; None        ; -0.202 ns ; numins[2] ; palabra[2]~reg0  ; clk      ;
; N/A           ; None        ; -0.213 ns ; numins[1] ; sub[3]           ; clk      ;
; N/A           ; None        ; -0.213 ns ; numins[1] ; sub[0]           ; clk      ;
; N/A           ; None        ; -0.301 ns ; numins[2] ; add[4]           ; clk      ;
; N/A           ; None        ; -0.329 ns ; numins[1] ; palabra[10]~reg0 ; clk      ;
; N/A           ; None        ; -0.329 ns ; numins[2] ; sub[3]           ; clk      ;
; N/A           ; None        ; -0.329 ns ; numins[2] ; sub[0]           ; clk      ;
; N/A           ; None        ; -0.340 ns ; numins[1] ; palabra[3]~reg0  ; clk      ;
; N/A           ; None        ; -0.411 ns ; numins[2] ; add[3]           ; clk      ;
; N/A           ; None        ; -0.411 ns ; numins[2] ; add[1]           ; clk      ;
; N/A           ; None        ; -0.411 ns ; numins[2] ; add[2]           ; clk      ;
; N/A           ; None        ; -0.411 ns ; numins[2] ; add[0]           ; clk      ;
; N/A           ; None        ; -0.417 ns ; numins[1] ; sub[2]           ; clk      ;
; N/A           ; None        ; -0.417 ns ; numins[1] ; sub[1]           ; clk      ;
; N/A           ; None        ; -0.438 ns ; numins[2] ; palabra[9]~reg0  ; clk      ;
; N/A           ; None        ; -0.487 ns ; numins[0] ; palabra[0]~reg0  ; clk      ;
; N/A           ; None        ; -0.514 ns ; numins[2] ; load2[4]         ; clk      ;
; N/A           ; None        ; -0.533 ns ; numins[2] ; sub[2]           ; clk      ;
; N/A           ; None        ; -0.533 ns ; numins[2] ; sub[1]           ; clk      ;
; N/A           ; None        ; -0.536 ns ; numins[0] ; palabra[10]~reg0 ; clk      ;
; N/A           ; None        ; -0.549 ns ; numins[2] ; palabra[4]~reg0  ; clk      ;
; N/A           ; None        ; -0.591 ns ; numins[1] ; add[4]           ; clk      ;
; N/A           ; None        ; -0.619 ns ; numins[1] ; load1[3]         ; clk      ;
; N/A           ; None        ; -0.619 ns ; numins[1] ; load1[0]         ; clk      ;
; N/A           ; None        ; -0.634 ns ; numins[1] ; load1[4]         ; clk      ;
; N/A           ; None        ; -0.634 ns ; numins[1] ; load1[1]         ; clk      ;
; N/A           ; None        ; -0.634 ns ; numins[1] ; load1[2]         ; clk      ;
; N/A           ; None        ; -0.650 ns ; numins[2] ; load2[3]         ; clk      ;
; N/A           ; None        ; -0.650 ns ; numins[2] ; load2[1]         ; clk      ;
; N/A           ; None        ; -0.650 ns ; numins[2] ; load2[2]         ; clk      ;
; N/A           ; None        ; -0.650 ns ; numins[2] ; load2[0]         ; clk      ;
; N/A           ; None        ; -0.701 ns ; numins[1] ; add[3]           ; clk      ;
; N/A           ; None        ; -0.701 ns ; numins[1] ; add[1]           ; clk      ;
; N/A           ; None        ; -0.701 ns ; numins[1] ; add[2]           ; clk      ;
; N/A           ; None        ; -0.701 ns ; numins[1] ; add[0]           ; clk      ;
; N/A           ; None        ; -0.709 ns ; numins[0] ; palabra[1]~reg0  ; clk      ;
; N/A           ; None        ; -0.716 ns ; numins[2] ; load1[3]         ; clk      ;
; N/A           ; None        ; -0.716 ns ; numins[2] ; load1[0]         ; clk      ;
; N/A           ; None        ; -0.731 ns ; numins[2] ; load1[4]         ; clk      ;
; N/A           ; None        ; -0.731 ns ; numins[2] ; load1[1]         ; clk      ;
; N/A           ; None        ; -0.731 ns ; numins[2] ; load1[2]         ; clk      ;
; N/A           ; None        ; -0.737 ns ; numins[1] ; palabra[9]~reg0  ; clk      ;
; N/A           ; None        ; -0.747 ns ; numins[2] ; mov[4]           ; clk      ;
; N/A           ; None        ; -0.747 ns ; numins[2] ; mov[2]           ; clk      ;
; N/A           ; None        ; -0.747 ns ; numins[2] ; mov[1]           ; clk      ;
; N/A           ; None        ; -0.747 ns ; numins[2] ; mov[3]           ; clk      ;
; N/A           ; None        ; -0.747 ns ; numins[2] ; mov[0]           ; clk      ;
; N/A           ; None        ; -0.813 ns ; numins[0] ; palabra[9]~reg0  ; clk      ;
; N/A           ; None        ; -1.000 ns ; numins[0] ; palabra[6]~reg0  ; clk      ;
; N/A           ; None        ; -1.026 ns ; numins[0] ; palabra[2]~reg0  ; clk      ;
; N/A           ; None        ; -1.092 ns ; numins[3] ; palabra[0]~reg0  ; clk      ;
; N/A           ; None        ; -1.092 ns ; numins[3] ; palabra[10]~reg0 ; clk      ;
; N/A           ; None        ; -1.157 ns ; numins[1] ; palabra[2]~reg0  ; clk      ;
; N/A           ; None        ; -1.179 ns ; numins[1] ; palabra[6]~reg0  ; clk      ;
; N/A           ; None        ; -1.197 ns ; numins[0] ; mov[4]           ; clk      ;
; N/A           ; None        ; -1.197 ns ; numins[0] ; mov[2]           ; clk      ;
; N/A           ; None        ; -1.197 ns ; numins[0] ; mov[1]           ; clk      ;
; N/A           ; None        ; -1.197 ns ; numins[0] ; mov[3]           ; clk      ;
; N/A           ; None        ; -1.197 ns ; numins[0] ; mov[0]           ; clk      ;
; N/A           ; None        ; -1.203 ns ; numins[0] ; load2[4]         ; clk      ;
; N/A           ; None        ; -1.271 ns ; numins[2] ; palabra[1]~reg0  ; clk      ;
; N/A           ; None        ; -1.338 ns ; numins[1] ; load2[4]         ; clk      ;
; N/A           ; None        ; -1.339 ns ; numins[0] ; load2[3]         ; clk      ;
; N/A           ; None        ; -1.339 ns ; numins[0] ; load2[1]         ; clk      ;
; N/A           ; None        ; -1.339 ns ; numins[0] ; load2[2]         ; clk      ;
; N/A           ; None        ; -1.339 ns ; numins[0] ; load2[0]         ; clk      ;
; N/A           ; None        ; -1.351 ns ; numins[1] ; mov[4]           ; clk      ;
; N/A           ; None        ; -1.351 ns ; numins[1] ; mov[2]           ; clk      ;
; N/A           ; None        ; -1.351 ns ; numins[1] ; mov[1]           ; clk      ;
; N/A           ; None        ; -1.351 ns ; numins[1] ; mov[3]           ; clk      ;
; N/A           ; None        ; -1.351 ns ; numins[1] ; mov[0]           ; clk      ;
; N/A           ; None        ; -1.386 ns ; numins[0] ; sub[4]           ; clk      ;
; N/A           ; None        ; -1.422 ns ; numins[1] ; palabra[1]~reg0  ; clk      ;
; N/A           ; None        ; -1.444 ns ; numins[3] ; palabra[9]~reg0  ; clk      ;
; N/A           ; None        ; -1.474 ns ; numins[1] ; load2[3]         ; clk      ;
; N/A           ; None        ; -1.474 ns ; numins[1] ; load2[1]         ; clk      ;
; N/A           ; None        ; -1.474 ns ; numins[1] ; load2[2]         ; clk      ;
; N/A           ; None        ; -1.474 ns ; numins[1] ; load2[0]         ; clk      ;
; N/A           ; None        ; -1.588 ns ; numins[0] ; sub[3]           ; clk      ;
; N/A           ; None        ; -1.588 ns ; numins[0] ; sub[0]           ; clk      ;
; N/A           ; None        ; -1.663 ns ; numins[0] ; add[4]           ; clk      ;
; N/A           ; None        ; -1.769 ns ; numins[1] ; palabra[4]~reg0  ; clk      ;
; N/A           ; None        ; -1.773 ns ; numins[0] ; add[3]           ; clk      ;
; N/A           ; None        ; -1.773 ns ; numins[0] ; add[1]           ; clk      ;
; N/A           ; None        ; -1.773 ns ; numins[0] ; add[2]           ; clk      ;
; N/A           ; None        ; -1.773 ns ; numins[0] ; add[0]           ; clk      ;
; N/A           ; None        ; -1.792 ns ; numins[0] ; sub[2]           ; clk      ;
; N/A           ; None        ; -1.792 ns ; numins[0] ; sub[1]           ; clk      ;
; N/A           ; None        ; -1.804 ns ; numins[3] ; load2[4]         ; clk      ;
; N/A           ; None        ; -1.940 ns ; numins[3] ; load2[3]         ; clk      ;
; N/A           ; None        ; -1.940 ns ; numins[3] ; load2[1]         ; clk      ;
; N/A           ; None        ; -1.940 ns ; numins[3] ; load2[2]         ; clk      ;
; N/A           ; None        ; -1.940 ns ; numins[3] ; load2[0]         ; clk      ;
; N/A           ; None        ; -1.942 ns ; numins[3] ; mov[4]           ; clk      ;
; N/A           ; None        ; -1.942 ns ; numins[3] ; mov[2]           ; clk      ;
; N/A           ; None        ; -1.942 ns ; numins[3] ; mov[1]           ; clk      ;
; N/A           ; None        ; -1.942 ns ; numins[3] ; mov[3]           ; clk      ;
; N/A           ; None        ; -1.942 ns ; numins[3] ; mov[0]           ; clk      ;
; N/A           ; None        ; -1.957 ns ; numins[0] ; load1[3]         ; clk      ;
; N/A           ; None        ; -1.957 ns ; numins[0] ; load1[0]         ; clk      ;
; N/A           ; None        ; -1.972 ns ; numins[0] ; load1[4]         ; clk      ;
; N/A           ; None        ; -1.972 ns ; numins[0] ; load1[1]         ; clk      ;
; N/A           ; None        ; -1.972 ns ; numins[0] ; load1[2]         ; clk      ;
; N/A           ; None        ; -2.116 ns ; numins[2] ; palabra[5]~reg0  ; clk      ;
; N/A           ; None        ; -2.184 ns ; numins[3] ; sub[4]           ; clk      ;
; N/A           ; None        ; -2.293 ns ; numins[3] ; palabra[1]~reg0  ; clk      ;
; N/A           ; None        ; -2.386 ns ; numins[3] ; sub[3]           ; clk      ;
; N/A           ; None        ; -2.386 ns ; numins[3] ; sub[0]           ; clk      ;
; N/A           ; None        ; -2.461 ns ; numins[3] ; add[4]           ; clk      ;
; N/A           ; None        ; -2.548 ns ; numins[3] ; palabra[4]~reg0  ; clk      ;
; N/A           ; None        ; -2.571 ns ; numins[3] ; add[3]           ; clk      ;
; N/A           ; None        ; -2.571 ns ; numins[3] ; add[1]           ; clk      ;
; N/A           ; None        ; -2.571 ns ; numins[3] ; add[2]           ; clk      ;
; N/A           ; None        ; -2.571 ns ; numins[3] ; add[0]           ; clk      ;
; N/A           ; None        ; -2.573 ns ; numins[3] ; palabra[3]~reg0  ; clk      ;
; N/A           ; None        ; -2.573 ns ; numins[3] ; palabra[6]~reg0  ; clk      ;
; N/A           ; None        ; -2.580 ns ; numins[1] ; palabra[5]~reg0  ; clk      ;
; N/A           ; None        ; -2.590 ns ; numins[3] ; sub[2]           ; clk      ;
; N/A           ; None        ; -2.590 ns ; numins[3] ; sub[1]           ; clk      ;
; N/A           ; None        ; -2.658 ns ; numins[0] ; palabra[5]~reg0  ; clk      ;
; N/A           ; None        ; -2.755 ns ; numins[3] ; load1[3]         ; clk      ;
; N/A           ; None        ; -2.755 ns ; numins[3] ; load1[0]         ; clk      ;
; N/A           ; None        ; -2.770 ns ; numins[3] ; load1[4]         ; clk      ;
; N/A           ; None        ; -2.770 ns ; numins[3] ; load1[1]         ; clk      ;
; N/A           ; None        ; -2.770 ns ; numins[3] ; load1[2]         ; clk      ;
; N/A           ; None        ; -2.805 ns ; numins[3] ; palabra[2]~reg0  ; clk      ;
; N/A           ; None        ; -3.138 ns ; numins[3] ; palabra[5]~reg0  ; clk      ;
+---------------+-------------+-----------+-----------+------------------+----------+


+--------------------------+
; Timing Analyzer Messages ;
+--------------------------+
Info: *******************************************************************
Info: Running Quartus II Classic Timing Analyzer
    Info: Version 9.1 Build 222 10/21/2009 SJ Web Edition
    Info: Processing started: Fri Dec 08 13:17:08 2017
Info: Command: quartus_tan --read_settings_files=off --write_settings_files=off LCD -c LCD --timing_analysis_only
Warning: Found pins functioning as undefined clocks and/or memory enables
    Info: Assuming node "clk" is an undefined clock
Info: Clock "clk" has Internal fmax of 278.09 MHz between source register "mov[1]" and destination register "palabra[1]~reg0" (period= 3.596 ns)
    Info: + Longest register to register delay is 3.378 ns
        Info: 1: + IC(0.000 ns) + CELL(0.000 ns) = 0.000 ns; Loc. = LCFF_X59_Y21_N19; Fanout = 10; REG Node = 'mov[1]'
        Info: 2: + IC(0.525 ns) + CELL(0.438 ns) = 0.963 ns; Loc. = LCCOMB_X59_Y21_N2; Fanout = 1; COMB Node = 'Mux38~0'
        Info: 3: + IC(0.720 ns) + CELL(0.419 ns) = 2.102 ns; Loc. = LCCOMB_X60_Y22_N20; Fanout = 1; COMB Node = 'Mux67~1'
        Info: 4: + IC(0.651 ns) + CELL(0.150 ns) = 2.903 ns; Loc. = LCCOMB_X57_Y22_N22; Fanout = 1; COMB Node = 'Mux105~2'
        Info: 5: + IC(0.242 ns) + CELL(0.149 ns) = 3.294 ns; Loc. = LCCOMB_X57_Y22_N24; Fanout = 1; COMB Node = 'Mux105~3'
        Info: 6: + IC(0.000 ns) + CELL(0.084 ns) = 3.378 ns; Loc. = LCFF_X57_Y22_N25; Fanout = 2; REG Node = 'palabra[1]~reg0'
        Info: Total cell delay = 1.240 ns ( 36.71 % )
        Info: Total interconnect delay = 2.138 ns ( 63.29 % )
    Info: - Smallest clock skew is -0.004 ns
        Info: + Shortest clock path from clock "clk" to destination register is 2.680 ns
            Info: 1: + IC(0.000 ns) + CELL(0.999 ns) = 0.999 ns; Loc. = PIN_N2; Fanout = 1; CLK Node = 'clk'
            Info: 2: + IC(0.118 ns) + CELL(0.000 ns) = 1.117 ns; Loc. = CLKCTRL_G2; Fanout = 37; COMB Node = 'clk~clkctrl'
            Info: 3: + IC(1.026 ns) + CELL(0.537 ns) = 2.680 ns; Loc. = LCFF_X57_Y22_N25; Fanout = 2; REG Node = 'palabra[1]~reg0'
            Info: Total cell delay = 1.536 ns ( 57.31 % )
            Info: Total interconnect delay = 1.144 ns ( 42.69 % )
        Info: - Longest clock path from clock "clk" to source register is 2.684 ns
            Info: 1: + IC(0.000 ns) + CELL(0.999 ns) = 0.999 ns; Loc. = PIN_N2; Fanout = 1; CLK Node = 'clk'
            Info: 2: + IC(0.118 ns) + CELL(0.000 ns) = 1.117 ns; Loc. = CLKCTRL_G2; Fanout = 37; COMB Node = 'clk~clkctrl'
            Info: 3: + IC(1.030 ns) + CELL(0.537 ns) = 2.684 ns; Loc. = LCFF_X59_Y21_N19; Fanout = 10; REG Node = 'mov[1]'
            Info: Total cell delay = 1.536 ns ( 57.23 % )
            Info: Total interconnect delay = 1.148 ns ( 42.77 % )
    Info: + Micro clock to output delay of source is 0.250 ns
    Info: + Micro setup delay of destination is -0.036 ns
Info: tsu for register "palabra[5]~reg0" (data pin = "numins[3]", clock pin = "clk") is 3.863 ns
    Info: + Longest pin to register delay is 6.582 ns
        Info: 1: + IC(0.000 ns) + CELL(0.999 ns) = 0.999 ns; Loc. = PIN_AE14; Fanout = 8; PIN Node = 'numins[3]'
        Info: 2: + IC(2.168 ns) + CELL(0.150 ns) = 3.317 ns; Loc. = LCCOMB_X57_Y21_N4; Fanout = 3; COMB Node = 'Mux96~1'
        Info: 3: + IC(1.163 ns) + CELL(0.438 ns) = 4.918 ns; Loc. = LCCOMB_X59_Y22_N24; Fanout = 1; COMB Node = 'Mux101~2'
        Info: 4: + IC(0.249 ns) + CELL(0.245 ns) = 5.412 ns; Loc. = LCCOMB_X59_Y22_N4; Fanout = 1; COMB Node = 'Mux101~3'
        Info: 5: + IC(0.936 ns) + CELL(0.150 ns) = 6.498 ns; Loc. = LCCOMB_X57_Y21_N8; Fanout = 1; COMB Node = 'Mux101~4'
        Info: 6: + IC(0.000 ns) + CELL(0.084 ns) = 6.582 ns; Loc. = LCFF_X57_Y21_N9; Fanout = 2; REG Node = 'palabra[5]~reg0'
        Info: Total cell delay = 2.066 ns ( 31.39 % )
        Info: Total interconnect delay = 4.516 ns ( 68.61 % )
    Info: + Micro setup delay of destination is -0.036 ns
    Info: - Shortest clock path from clock "clk" to destination register is 2.683 ns
        Info: 1: + IC(0.000 ns) + CELL(0.999 ns) = 0.999 ns; Loc. = PIN_N2; Fanout = 1; CLK Node = 'clk'
        Info: 2: + IC(0.118 ns) + CELL(0.000 ns) = 1.117 ns; Loc. = CLKCTRL_G2; Fanout = 37; COMB Node = 'clk~clkctrl'
        Info: 3: + IC(1.029 ns) + CELL(0.537 ns) = 2.683 ns; Loc. = LCFF_X57_Y21_N9; Fanout = 2; REG Node = 'palabra[5]~reg0'
        Info: Total cell delay = 1.536 ns ( 57.25 % )
        Info: Total interconnect delay = 1.147 ns ( 42.75 % )
Info: tco from clock "clk" to destination pin "palabra[5]" through register "palabra[5]~reg0" is 10.104 ns
    Info: + Longest clock path from clock "clk" to source register is 2.683 ns
        Info: 1: + IC(0.000 ns) + CELL(0.999 ns) = 0.999 ns; Loc. = PIN_N2; Fanout = 1; CLK Node = 'clk'
        Info: 2: + IC(0.118 ns) + CELL(0.000 ns) = 1.117 ns; Loc. = CLKCTRL_G2; Fanout = 37; COMB Node = 'clk~clkctrl'
        Info: 3: + IC(1.029 ns) + CELL(0.537 ns) = 2.683 ns; Loc. = LCFF_X57_Y21_N9; Fanout = 2; REG Node = 'palabra[5]~reg0'
        Info: Total cell delay = 1.536 ns ( 57.25 % )
        Info: Total interconnect delay = 1.147 ns ( 42.75 % )
    Info: + Micro clock to output delay of source is 0.250 ns
    Info: + Longest register to pin delay is 7.171 ns
        Info: 1: + IC(0.000 ns) + CELL(0.000 ns) = 0.000 ns; Loc. = LCFF_X57_Y21_N9; Fanout = 2; REG Node = 'palabra[5]~reg0'
        Info: 2: + IC(4.529 ns) + CELL(2.642 ns) = 7.171 ns; Loc. = PIN_J3; Fanout = 0; PIN Node = 'palabra[5]'
        Info: Total cell delay = 2.642 ns ( 36.84 % )
        Info: Total interconnect delay = 4.529 ns ( 63.16 % )
Info: th for register "palabra[6]~reg0" (data pin = "numins[2]", clock pin = "clk") is 0.134 ns
    Info: + Longest clock path from clock "clk" to destination register is 2.681 ns
        Info: 1: + IC(0.000 ns) + CELL(0.999 ns) = 0.999 ns; Loc. = PIN_N2; Fanout = 1; CLK Node = 'clk'
        Info: 2: + IC(0.118 ns) + CELL(0.000 ns) = 1.117 ns; Loc. = CLKCTRL_G2; Fanout = 37; COMB Node = 'clk~clkctrl'
        Info: 3: + IC(1.027 ns) + CELL(0.537 ns) = 2.681 ns; Loc. = LCFF_X58_Y22_N11; Fanout = 1; REG Node = 'palabra[6]~reg0'
        Info: Total cell delay = 1.536 ns ( 57.29 % )
        Info: Total interconnect delay = 1.145 ns ( 42.71 % )
    Info: + Micro hold delay of destination is 0.266 ns
    Info: - Shortest pin to register delay is 2.813 ns
        Info: 1: + IC(0.000 ns) + CELL(0.999 ns) = 0.999 ns; Loc. = PIN_P25; Fanout = 18; PIN Node = 'numins[2]'
        Info: 2: + IC(1.061 ns) + CELL(0.271 ns) = 2.331 ns; Loc. = LCCOMB_X58_Y22_N18; Fanout = 1; COMB Node = 'Mux100~6'
        Info: 3: + IC(0.249 ns) + CELL(0.149 ns) = 2.729 ns; Loc. = LCCOMB_X58_Y22_N10; Fanout = 1; COMB Node = 'Mux100~13'
        Info: 4: + IC(0.000 ns) + CELL(0.084 ns) = 2.813 ns; Loc. = LCFF_X58_Y22_N11; Fanout = 1; REG Node = 'palabra[6]~reg0'
        Info: Total cell delay = 1.503 ns ( 53.43 % )
        Info: Total interconnect delay = 1.310 ns ( 46.57 % )
Info: Quartus II Classic Timing Analyzer was successful. 0 errors, 1 warning
    Info: Peak virtual memory: 169 megabytes
    Info: Processing ended: Fri Dec 08 13:17:11 2017
    Info: Elapsed time: 00:00:03
    Info: Total CPU time (on all processors): 00:00:00


